[ 2016-05-21T10:11:22+08:00 ] 127.0.0.1 /
INFO: [ app_init ] --START--
INFO: Run Behavior\BuildLiteBehavior [ RunTime:0.000009s ]
INFO: [ app_init ] --END-- [ RunTime:0.000287s ]
INFO: [ app_begin ] --START--
INFO: Run Behavior\ReadHtmlCacheBehavior [ RunTime:0.004339s ]
INFO: [ app_begin ] --END-- [ RunTime:0.004375s ]
SQL: SHOW COLUMNS FROM `yf_news` [ RunTime:0.0112s ]
SQL: SELECT * FROM `yf_news` ORDER BY id desc LIMIT 4   [ RunTime:0.0012s ]
SQL: SHOW COLUMNS FROM `yf_ad` [ RunTime:0.0093s ]
SQL: SHOW COLUMNS FROM `yf_top` [ RunTime:0.0063s ]
SQL: SELECT * FROM `yf_top` LIMIT 5   [ RunTime:0.0005s ]
SQL: SELECT * FROM `yf_ad` WHERE `id` = 1 LIMIT 1   [ RunTime:0.0008s ]
SQL: SELECT * FROM `yf_ad` WHERE `id` = 2 LIMIT 1   [ RunTime:0.0004s ]
SQL: SELECT * FROM `yf_ad` WHERE `id` = 3 LIMIT 1   [ RunTime:0.0004s ]
SQL: SELECT * FROM `yf_ad` WHERE `id` = 4 LIMIT 1   [ RunTime:0.0003s ]
SQL: SELECT * FROM `yf_ad` WHERE `id` = 5 LIMIT 1   [ RunTime:0.0003s ]
SQL: SELECT * FROM `yf_ad` WHERE `id` = 6 LIMIT 1   [ RunTime:0.0003s ]
SQL: SELECT * FROM `yf_ad` WHERE `id` = 7 LIMIT 1   [ RunTime:0.0003s ]
SQL: SELECT * FROM `yf_ad` WHERE `id` = 8 LIMIT 1   [ RunTime:0.0003s ]
SQL: SHOW COLUMNS FROM `yf_data` [ RunTime:0.0074s ]
SQL: SELECT COUNT(*) AS tp_count FROM `yf_data` WHERE `w7` = 2 LIMIT 1   [ RunTime:0.0008s ]
SQL: SELECT * FROM `yf_data` WHERE `w7` = 2 ORDER BY id desc LIMIT 0,8   [ RunTime:0.0006s ]
SQL: SELECT COUNT(*) AS tp_count FROM `yf_data` WHERE `w7` = 1 LIMIT 1   [ RunTime:0.0004s ]
SQL: SELECT * FROM `yf_data` WHERE `w7` = 1 ORDER BY id desc LIMIT 0,8   [ RunTime:0.0006s ]
SQL: SELECT COUNT(*) AS tp_count FROM `yf_data` WHERE `w7` = 3 LIMIT 1   [ RunTime:0.0004s ]
SQL: SELECT * FROM `yf_data` WHERE `w7` = 3 ORDER BY id desc LIMIT 0,8   [ RunTime:0.0005s ]
SQL: SHOW COLUMNS FROM `yf_hd` [ RunTime:0.0067s ]
SQL: SELECT * FROM `yf_hd` LIMIT 3   [ RunTime:0.0005s ]
INFO: [ view_parse ] --START--
INFO: [ template_filter ] --START--
INFO: Run Behavior\ContentReplaceBehavior [ RunTime:0.000672s ]
INFO: [ template_filter ] --END-- [ RunTime:0.000738s ]
SQL: SHOW COLUMNS FROM `yf_config` [ RunTime:0.0051s ]
SQL: SELECT `value` FROM `yf_config` WHERE `field` = 'site_title' LIMIT 1   [ RunTime:0.0004s ]
SQL: SELECT `value` FROM `yf_config` WHERE `field` = 'site_name' LIMIT 1   [ RunTime:0.0002s ]
SQL: SELECT `value` FROM `yf_config` WHERE `field` = 'site_keywords' LIMIT 1   [ RunTime:0.0002s ]
SQL: SELECT `value` FROM `yf_config` WHERE `field` = 'site_descript' LIMIT 1   [ RunTime:0.0002s ]
SQL: SELECT `value` FROM `yf_config` WHERE `field` = 'site_name' LIMIT 1   [ RunTime:0.0002s ]
SQL: SELECT `value` FROM `yf_config` WHERE `field` = 'site_name' LIMIT 1   [ RunTime:0.0002s ]
SQL: SELECT `value` FROM `yf_config` WHERE `field` = 'site_copyright' LIMIT 1   [ RunTime:0.0002s ]
INFO: Run Behavior\ParseTemplateBehavior [ RunTime:0.037665s ]
INFO: [ view_parse ] --END-- [ RunTime:0.037733s ]
INFO: [ view_filter ] --START--
INFO: Run Behavior\WriteHtmlCacheBehavior [ RunTime:0.000810s ]
INFO: [ view_filter ] --END-- [ RunTime:0.000861s ]
INFO: [ app_end ] --START--
INFO: Run Behavior\ShowPageTraceBehavior [ RunTime:0.001269s ]
INFO: [ app_end ] --END-- [ RunTime:0.001330s ]

[ 2016-05-21T10:44:54+08:00 ] 127.0.0.1 /
INFO: [ app_init ] --START--
INFO: Run Behavior\BuildLiteBehavior [ RunTime:0.000009s ]
INFO: [ app_init ] --END-- [ RunTime:0.000291s ]
INFO: [ app_begin ] --START--
INFO: Run Behavior\ReadHtmlCacheBehavior [ RunTime:0.000485s ]
INFO: [ app_begin ] --END-- [ RunTime:0.000574s ]
SQL: SHOW COLUMNS FROM `yf_news` [ RunTime:0.0062s ]
SQL: SELECT * FROM `yf_news` ORDER BY id desc LIMIT 4   [ RunTime:0.0005s ]
SQL: SHOW COLUMNS FROM `yf_ad` [ RunTime:0.0066s ]
SQL: SHOW COLUMNS FROM `yf_top` [ RunTime:0.0059s ]
SQL: SELECT * FROM `yf_top` LIMIT 5   [ RunTime:0.0004s ]
SQL: SELECT * FROM `yf_ad` WHERE `id` = 1 LIMIT 1   [ RunTime:0.0004s ]
SQL: SELECT * FROM `yf_ad` WHERE `id` = 2 LIMIT 1   [ RunTime:0.0003s ]
SQL: SELECT * FROM `yf_ad` WHERE `id` = 3 LIMIT 1   [ RunTime:0.0003s ]
SQL: SELECT * FROM `yf_ad` WHERE `id` = 4 LIMIT 1   [ RunTime:0.0004s ]
SQL: SELECT * FROM `yf_ad` WHERE `id` = 5 LIMIT 1   [ RunTime:0.0006s ]
SQL: SELECT * FROM `yf_ad` WHERE `id` = 6 LIMIT 1   [ RunTime:0.0004s ]
SQL: SELECT * FROM `yf_ad` WHERE `id` = 7 LIMIT 1   [ RunTime:0.0003s ]
SQL: SELECT * FROM `yf_ad` WHERE `id` = 8 LIMIT 1   [ RunTime:0.0004s ]
SQL: SHOW COLUMNS FROM `yf_data` [ RunTime:0.0053s ]
SQL: SELECT COUNT(*) AS tp_count FROM `yf_data` WHERE `w7` = 2 LIMIT 1   [ RunTime:0.0004s ]
SQL: SELECT * FROM `yf_data` WHERE `w7` = 2 ORDER BY id desc LIMIT 0,8   [ RunTime:0.0006s ]
SQL: SELECT COUNT(*) AS tp_count FROM `yf_data` WHERE `w7` = 1 LIMIT 1   [ RunTime:0.0004s ]
SQL: SELECT * FROM `yf_data` WHERE `w7` = 1 ORDER BY id desc LIMIT 0,8   [ RunTime:0.0006s ]
SQL: SELECT COUNT(*) AS tp_count FROM `yf_data` WHERE `w7` = 3 LIMIT 1   [ RunTime:0.0003s ]
SQL: SELECT * FROM `yf_data` WHERE `w7` = 3 ORDER BY id desc LIMIT 0,8   [ RunTime:0.0004s ]
SQL: SHOW COLUMNS FROM `yf_hd` [ RunTime:0.0069s ]
SQL: SELECT * FROM `yf_hd` LIMIT 3   [ RunTime:0.0003s ]
INFO: [ view_parse ] --START--
INFO: [ template_filter ] --START--
INFO: Run Behavior\ContentReplaceBehavior [ RunTime:0.000133s ]
INFO: [ template_filter ] --END-- [ RunTime:0.000192s ]
SQL: SHOW COLUMNS FROM `yf_config` [ RunTime:0.0035s ]
SQL: SELECT `value` FROM `yf_config` WHERE `field` = 'site_title' LIMIT 1   [ RunTime:0.0003s ]
SQL: SELECT `value` FROM `yf_config` WHERE `field` = 'site_name' LIMIT 1   [ RunTime:0.0002s ]
SQL: SELECT `value` FROM `yf_config` WHERE `field` = 'site_keywords' LIMIT 1   [ RunTime:0.0002s ]
SQL: SELECT `value` FROM `yf_config` WHERE `field` = 'site_descript' LIMIT 1   [ RunTime:0.0002s ]
SQL: SELECT `value` FROM `yf_config` WHERE `field` = 'site_name' LIMIT 1   [ RunTime:0.0003s ]
SQL: SELECT `value` FROM `yf_config` WHERE `field` = 'site_name' LIMIT 1   [ RunTime:0.0002s ]
SQL: SELECT `value` FROM `yf_config` WHERE `field` = 'site_copyright' LIMIT 1   [ RunTime:0.0002s ]
INFO: Run Behavior\ParseTemplateBehavior [ RunTime:0.023062s ]
INFO: [ view_parse ] --END-- [ RunTime:0.023110s ]
INFO: [ view_filter ] --START--
INFO: Run Behavior\WriteHtmlCacheBehavior [ RunTime:0.000598s ]
INFO: [ view_filter ] --END-- [ RunTime:0.000643s ]
INFO: [ app_end ] --START--
INFO: Run Behavior\ShowPageTraceBehavior [ RunTime:0.000762s ]
INFO: [ app_end ] --END-- [ RunTime:0.000820s ]

