[ 2016-05-28T21:51:27+08:00 ] ::1 /
INFO: [ app_init ] --START--
INFO: Run Behavior\BuildLiteBehavior [ RunTime:0.000039s ]
INFO: [ app_init ] --END-- [ RunTime:0.001082s ]
INFO: [ app_begin ] --START--
INFO: Run Behavior\ReadHtmlCacheBehavior [ RunTime:0.001280s ]
INFO: [ app_begin ] --END-- [ RunTime:0.001395s ]
ERR: SQLSTATE[HY000] [1045] Access denied for user 'root'@'localhost' (using password: YES)

[ 2016-05-28T21:53:00+08:00 ] ::1 /
INFO: [ app_init ] --START--
INFO: Run Behavior\BuildLiteBehavior [ RunTime:0.000029s ]
INFO: [ app_init ] --END-- [ RunTime:0.007229s ]
INFO: [ app_begin ] --START--
INFO: Run Behavior\ReadHtmlCacheBehavior [ RunTime:0.001211s ]
INFO: [ app_begin ] --END-- [ RunTime:0.001305s ]
SQL: SHOW COLUMNS FROM `yf_news` [ RunTime:0.0313s ]
SQL: SELECT * FROM `yf_news` ORDER BY id desc LIMIT 4   [ RunTime:0.0040s ]
SQL: SHOW COLUMNS FROM `yf_ad` [ RunTime:0.0020s ]
SQL: SHOW COLUMNS FROM `yf_top` [ RunTime:0.0010s ]
SQL: SELECT * FROM `yf_top` LIMIT 5   [ RunTime:0.0005s ]
SQL: SELECT * FROM `yf_ad` WHERE `id` = 1 LIMIT 1   [ RunTime:0.0081s ]
SQL: SELECT * FROM `yf_ad` WHERE `id` = 2 LIMIT 1   [ RunTime:0.0001s ]
SQL: SELECT * FROM `yf_ad` WHERE `id` = 3 LIMIT 1   [ RunTime:0.0001s ]
SQL: SELECT * FROM `yf_ad` WHERE `id` = 4 LIMIT 1   [ RunTime:0.0001s ]
SQL: SELECT * FROM `yf_ad` WHERE `id` = 5 LIMIT 1   [ RunTime:0.0001s ]
SQL: SELECT * FROM `yf_ad` WHERE `id` = 6 LIMIT 1   [ RunTime:0.0001s ]
SQL: SELECT * FROM `yf_ad` WHERE `id` = 7 LIMIT 1   [ RunTime:0.0001s ]
SQL: SELECT * FROM `yf_ad` WHERE `id` = 8 LIMIT 1   [ RunTime:0.0001s ]
SQL: SHOW COLUMNS FROM `yf_data` [ RunTime:0.0016s ]
SQL: SELECT COUNT(*) AS tp_count FROM `yf_data` WHERE `w7` = 2 LIMIT 1   [ RunTime:0.0056s ]
SQL: SELECT * FROM `yf_data` WHERE `w7` = 2 ORDER BY id desc LIMIT 0,8   [ RunTime:0.0004s ]
SQL: SELECT COUNT(*) AS tp_count FROM `yf_data` WHERE `w7` = 1 LIMIT 1   [ RunTime:0.0002s ]
SQL: SELECT * FROM `yf_data` WHERE `w7` = 1 ORDER BY id desc LIMIT 0,8   [ RunTime:0.0002s ]
SQL: SELECT COUNT(*) AS tp_count FROM `yf_data` WHERE `w7` = 3 LIMIT 1   [ RunTime:0.0002s ]
SQL: SELECT * FROM `yf_data` WHERE `w7` = 3 ORDER BY id desc LIMIT 0,8   [ RunTime:0.0002s ]
SQL: SHOW COLUMNS FROM `yf_hd` [ RunTime:0.0013s ]
SQL: SELECT * FROM `yf_news` WHERE `id` = 6 LIMIT 1   [ RunTime:0.0002s ]
SQL: SELECT * FROM `yf_hd` LIMIT 3   [ RunTime:0.0008s ]
INFO: [ view_parse ] --START--
INFO: [ template_filter ] --START--
INFO: Run Behavior\ContentReplaceBehavior [ RunTime:0.002605s ]
INFO: [ template_filter ] --END-- [ RunTime:0.002721s ]
SQL: SHOW COLUMNS FROM `yf_config` [ RunTime:0.0025s ]
SQL: SELECT `value` FROM `yf_config` WHERE `field` = 'site_title' LIMIT 1   [ RunTime:0.0120s ]
SQL: SELECT `value` FROM `yf_config` WHERE `field` = 'site_name' LIMIT 1   [ RunTime:0.0002s ]
SQL: SELECT `value` FROM `yf_config` WHERE `field` = 'site_keywords' LIMIT 1   [ RunTime:0.0001s ]
SQL: SELECT `value` FROM `yf_config` WHERE `field` = 'site_descript' LIMIT 1   [ RunTime:0.0002s ]
SQL: SELECT `value` FROM `yf_config` WHERE `field` = 'site_name' LIMIT 1   [ RunTime:0.0001s ]
SQL: SELECT `value` FROM `yf_config` WHERE `field` = 'site_name' LIMIT 1   [ RunTime:0.0001s ]
SQL: SELECT `value` FROM `yf_config` WHERE `field` = 'site_copyright' LIMIT 1   [ RunTime:0.0002s ]
INFO: Run Behavior\ParseTemplateBehavior [ RunTime:0.078339s ]
INFO: [ view_parse ] --END-- [ RunTime:0.078420s ]
INFO: [ view_filter ] --START--
INFO: Run Behavior\WriteHtmlCacheBehavior [ RunTime:0.000736s ]
INFO: [ view_filter ] --END-- [ RunTime:0.000803s ]
INFO: [ app_end ] --START--
INFO: Run Behavior\ShowPageTraceBehavior [ RunTime:0.001134s ]
INFO: [ app_end ] --END-- [ RunTime:0.001219s ]

[ 2016-05-28T21:53:03+08:00 ] ::1 /index/pwd/
INFO: [ app_init ] --START--
INFO: Run Behavior\BuildLiteBehavior [ RunTime:0.000033s ]
INFO: [ app_init ] --END-- [ RunTime:0.000712s ]
INFO: [ app_begin ] --START--
INFO: Run Behavior\ReadHtmlCacheBehavior [ RunTime:0.001014s ]
INFO: [ app_begin ] --END-- [ RunTime:0.001165s ]
SQL: SHOW COLUMNS FROM `yf_news` [ RunTime:0.0016s ]
SQL: SELECT * FROM `yf_news` ORDER BY id desc LIMIT 4   [ RunTime:0.0003s ]
SQL: SHOW COLUMNS FROM `yf_ad` [ RunTime:0.0011s ]
SQL: SHOW COLUMNS FROM `yf_top` [ RunTime:0.0011s ]
SQL: SELECT * FROM `yf_top` LIMIT 5   [ RunTime:0.0002s ]
SQL: SELECT * FROM `yf_ad` WHERE `id` = 1 LIMIT 1   [ RunTime:0.0002s ]
SQL: SELECT * FROM `yf_ad` WHERE `id` = 2 LIMIT 1   [ RunTime:0.0002s ]
SQL: SELECT * FROM `yf_ad` WHERE `id` = 3 LIMIT 1   [ RunTime:0.0002s ]
SQL: SELECT * FROM `yf_ad` WHERE `id` = 4 LIMIT 1   [ RunTime:0.0002s ]
SQL: SELECT * FROM `yf_ad` WHERE `id` = 5 LIMIT 1   [ RunTime:0.0002s ]
SQL: SELECT * FROM `yf_ad` WHERE `id` = 6 LIMIT 1   [ RunTime:0.0002s ]
SQL: SELECT * FROM `yf_ad` WHERE `id` = 7 LIMIT 1   [ RunTime:0.0002s ]
SQL: SELECT * FROM `yf_ad` WHERE `id` = 8 LIMIT 1   [ RunTime:0.0002s ]
INFO: [ view_parse ] --START--
INFO: [ template_filter ] --START--
INFO: Run Behavior\ContentReplaceBehavior [ RunTime:0.000073s ]
INFO: [ template_filter ] --END-- [ RunTime:0.000179s ]
SQL: SHOW COLUMNS FROM `yf_config` [ RunTime:0.0013s ]
SQL: SELECT `value` FROM `yf_config` WHERE `field` = 'site_name' LIMIT 1   [ RunTime:0.0002s ]
SQL: SELECT `value` FROM `yf_config` WHERE `field` = 'site_keywords' LIMIT 1   [ RunTime:0.0001s ]
SQL: SELECT `value` FROM `yf_config` WHERE `field` = 'site_descript' LIMIT 1   [ RunTime:0.0001s ]
SQL: SELECT `value` FROM `yf_config` WHERE `field` = 'site_logo' LIMIT 1   [ RunTime:0.0002s ]
INFO: Run Behavior\ParseTemplateBehavior [ RunTime:0.013586s ]
INFO: [ view_parse ] --END-- [ RunTime:0.013668s ]
INFO: [ view_filter ] --START--
INFO: Run Behavior\WriteHtmlCacheBehavior [ RunTime:0.000298s ]
INFO: [ view_filter ] --END-- [ RunTime:0.000372s ]
INFO: [ app_end ] --START--
INFO: Run Behavior\ShowPageTraceBehavior [ RunTime:0.000716s ]
INFO: [ app_end ] --END-- [ RunTime:0.000796s ]

[ 2016-05-28T22:26:15+08:00 ] ::1 /
INFO: [ app_init ] --START--
INFO: Run Behavior\BuildLiteBehavior [ RunTime:0.000048s ]
INFO: [ app_init ] --END-- [ RunTime:0.001281s ]
INFO: [ app_begin ] --START--
INFO: Run Behavior\ReadHtmlCacheBehavior [ RunTime:0.001469s ]
INFO: [ app_begin ] --END-- [ RunTime:0.001663s ]
SQL: SHOW COLUMNS FROM `yf_news` [ RunTime:0.0040s ]
SQL: SELECT * FROM `yf_news` ORDER BY id desc LIMIT 4   [ RunTime:0.0010s ]
SQL: SHOW COLUMNS FROM `yf_ad` [ RunTime:0.0028s ]
SQL: SHOW COLUMNS FROM `yf_top` [ RunTime:0.0031s ]
SQL: SELECT * FROM `yf_top` LIMIT 5   [ RunTime:0.0012s ]
SQL: SELECT * FROM `yf_ad` WHERE `id` = 1 LIMIT 1   [ RunTime:0.0042s ]
SQL: SELECT * FROM `yf_ad` WHERE `id` = 2 LIMIT 1   [ RunTime:0.0003s ]
SQL: SELECT * FROM `yf_ad` WHERE `id` = 3 LIMIT 1   [ RunTime:0.0002s ]
SQL: SELECT * FROM `yf_ad` WHERE `id` = 4 LIMIT 1   [ RunTime:0.0002s ]
SQL: SELECT * FROM `yf_ad` WHERE `id` = 5 LIMIT 1   [ RunTime:0.0002s ]
SQL: SELECT * FROM `yf_ad` WHERE `id` = 6 LIMIT 1   [ RunTime:0.0003s ]
SQL: SELECT * FROM `yf_ad` WHERE `id` = 7 LIMIT 1   [ RunTime:0.0002s ]
SQL: SELECT * FROM `yf_ad` WHERE `id` = 8 LIMIT 1   [ RunTime:0.0002s ]
SQL: SHOW COLUMNS FROM `yf_data` [ RunTime:0.0036s ]
SQL: SELECT COUNT(*) AS tp_count FROM `yf_data` WHERE `w7` = 2 LIMIT 1   [ RunTime:0.0045s ]
SQL: SELECT * FROM `yf_data` WHERE `w7` = 2 ORDER BY id desc LIMIT 0,8   [ RunTime:0.0004s ]
SQL: SELECT COUNT(*) AS tp_count FROM `yf_data` WHERE `w7` = 1 LIMIT 1   [ RunTime:0.0002s ]
SQL: SELECT * FROM `yf_data` WHERE `w7` = 1 ORDER BY id desc LIMIT 0,8   [ RunTime:0.0002s ]
SQL: SELECT COUNT(*) AS tp_count FROM `yf_data` WHERE `w7` = 3 LIMIT 1   [ RunTime:0.0002s ]
SQL: SELECT * FROM `yf_data` WHERE `w7` = 3 ORDER BY id desc LIMIT 0,8   [ RunTime:0.0002s ]
SQL: SHOW COLUMNS FROM `yf_hd` [ RunTime:0.0030s ]
SQL: SELECT * FROM `yf_news` WHERE `id` = 6 LIMIT 1   [ RunTime:0.0003s ]
SQL: SELECT * FROM `yf_hd` LIMIT 3   [ RunTime:0.0006s ]
INFO: [ view_parse ] --START--
INFO: [ template_filter ] --START--
INFO: Run Behavior\ContentReplaceBehavior [ RunTime:0.000228s ]
INFO: [ template_filter ] --END-- [ RunTime:0.000423s ]
SQL: SHOW COLUMNS FROM `yf_config` [ RunTime:0.0016s ]
SQL: SELECT `value` FROM `yf_config` WHERE `field` = 'site_title' LIMIT 1   [ RunTime:0.0003s ]
SQL: SELECT `value` FROM `yf_config` WHERE `field` = 'site_name' LIMIT 1   [ RunTime:0.0002s ]
SQL: SELECT `value` FROM `yf_config` WHERE `field` = 'site_keywords' LIMIT 1   [ RunTime:0.0002s ]
SQL: SELECT `value` FROM `yf_config` WHERE `field` = 'site_descript' LIMIT 1   [ RunTime:0.0001s ]
SQL: SELECT `value` FROM `yf_config` WHERE `field` = 'site_name' LIMIT 1   [ RunTime:0.0001s ]
SQL: SELECT `value` FROM `yf_config` WHERE `field` = 'site_name' LIMIT 1   [ RunTime:0.0002s ]
SQL: SELECT `value` FROM `yf_config` WHERE `field` = 'site_copyright' LIMIT 1   [ RunTime:0.0001s ]
INFO: Run Behavior\ParseTemplateBehavior [ RunTime:0.048704s ]
INFO: [ view_parse ] --END-- [ RunTime:0.048813s ]
INFO: [ view_filter ] --START--
INFO: Run Behavior\WriteHtmlCacheBehavior [ RunTime:0.000661s ]
INFO: [ view_filter ] --END-- [ RunTime:0.000769s ]
INFO: [ app_end ] --START--
INFO: Run Behavior\ShowPageTraceBehavior [ RunTime:0.001747s ]
INFO: [ app_end ] --END-- [ RunTime:0.001907s ]

