[ 2016-05-28T21:53:21+08:00 ] ::1 /Uz/Img/login_bg.png
INFO: [ app_init ] --START--
INFO: Run Behavior\BuildLiteBehavior [ RunTime:0.000040s ]
INFO: [ app_init ] --END-- [ RunTime:0.000899s ]
ERR: 无法加载模块:Uz

[ 2016-05-28T21:57:30+08:00 ] ::1 /Uz/Img/login_bg.png
INFO: [ app_init ] --START--
INFO: Run Behavior\BuildLiteBehavior [ RunTime:0.000029s ]
INFO: [ app_init ] --END-- [ RunTime:0.000730s ]
ERR: 无法加载模块:Uz

[ 2016-05-28T22:26:15+08:00 ] ::1 /Public/Css/img/sprite.png
INFO: [ app_init ] --START--
INFO: Run Behavior\BuildLiteBehavior [ RunTime:0.000037s ]
INFO: [ app_init ] --END-- [ RunTime:0.000772s ]
ERR: 无法加载模块:Public

[ 2016-05-28T22:26:44+08:00 ] ::1 /Public/Css/img/sprite.png
ERR: 无法加载模块:Public

[ 2016-05-28T22:26:55+08:00 ] ::1 /Public/Css/img/sprite.png
ERR: 无法加载模块:Public

[ 2016-05-28T22:27:30+08:00 ] ::1 /Public/Css/img/sprite.png
ERR: 无法加载模块:Public

[ 2016-05-28T22:27:35+08:00 ] ::1 /Public/Css/img/sprite.png
ERR: 无法加载模块:Public

[ 2016-05-28T22:28:06+08:00 ] ::1 /Public/Css/img/sprite.png
ERR: 无法加载模块:Public

[ 2016-05-28T22:28:21+08:00 ] ::1 /Public/Css/img/sprite.png
ERR: 无法加载模块:Public

[ 2016-05-28T22:28:37+08:00 ] ::1 /Public/Css/img/sprite.png
ERR: 无法加载模块:Public

[ 2016-05-28T22:35:33+08:00 ] ::1 /Public/Css/img/sprite.png
ERR: 无法加载模块:Public

