[ 2016-05-21T10:11:27+08:00 ] 127.0.0.1 /yd
INFO: [ app_init ] --START--
INFO: Run Behavior\BuildLiteBehavior [ RunTime:0.000013s ]
INFO: [ app_init ] --END-- [ RunTime:0.000305s ]
INFO: [ app_begin ] --START--
INFO: Run Behavior\ReadHtmlCacheBehavior [ RunTime:0.000418s ]
INFO: [ app_begin ] --END-- [ RunTime:0.000459s ]
SQL: SHOW COLUMNS FROM `yf_config` [ RunTime:0.0047s ]
SQL: SELECT * FROM `yf_config` ORDER BY sort ASC  [ RunTime:0.0006s ]

[ 2016-05-21T10:11:27+08:00 ] 127.0.0.1 /Yd/Login/index.html
INFO: [ app_init ] --START--
INFO: Run Behavior\BuildLiteBehavior [ RunTime:0.000013s ]
INFO: [ app_init ] --END-- [ RunTime:0.000402s ]
INFO: [ app_begin ] --START--
INFO: Run Behavior\ReadHtmlCacheBehavior [ RunTime:0.000486s ]
INFO: [ app_begin ] --END-- [ RunTime:0.000534s ]
INFO: [ view_parse ] --START--
INFO: [ template_filter ] --START--
INFO: Run Behavior\ContentReplaceBehavior [ RunTime:0.000070s ]
INFO: [ template_filter ] --END-- [ RunTime:0.000125s ]
INFO: Run Behavior\ParseTemplateBehavior [ RunTime:0.006577s ]
INFO: [ view_parse ] --END-- [ RunTime:0.006628s ]
INFO: [ view_filter ] --START--
INFO: Run Behavior\WriteHtmlCacheBehavior [ RunTime:0.000356s ]
INFO: [ view_filter ] --END-- [ RunTime:0.000394s ]
INFO: [ app_end ] --START--
INFO: Run Behavior\ShowPageTraceBehavior [ RunTime:0.000548s ]
INFO: [ app_end ] --END-- [ RunTime:0.000588s ]

[ 2016-05-21T10:11:34+08:00 ] 127.0.0.1 /Yd/Login/check.html
INFO: [ app_init ] --START--
INFO: Run Behavior\BuildLiteBehavior [ RunTime:0.000009s ]
INFO: [ app_init ] --END-- [ RunTime:0.000280s ]
INFO: [ app_begin ] --START--
INFO: Run Behavior\ReadHtmlCacheBehavior [ RunTime:0.000335s ]
INFO: [ app_begin ] --END-- [ RunTime:0.000369s ]
SQL: SHOW COLUMNS FROM `yf_admin` [ RunTime:0.0132s ]
SQL: SELECT * FROM `yf_admin` WHERE `admin_name` = 'yf2018' AND `admin_password` = 'e10adc3949ba59abbe56e057f20f883e' LIMIT 1   [ RunTime:0.0008s ]

[ 2016-05-21T10:11:36+08:00 ] 127.0.0.1 /Yd/index/index.html
INFO: [ app_init ] --START--
INFO: Run Behavior\BuildLiteBehavior [ RunTime:0.000010s ]
INFO: [ app_init ] --END-- [ RunTime:0.000309s ]
INFO: [ app_begin ] --START--
INFO: Run Behavior\ReadHtmlCacheBehavior [ RunTime:0.000400s ]
INFO: [ app_begin ] --END-- [ RunTime:0.000436s ]
SQL: SHOW COLUMNS FROM `yf_config` [ RunTime:0.0017s ]
SQL: SELECT * FROM `yf_config` ORDER BY sort ASC  [ RunTime:0.0002s ]
INFO: [ view_parse ] --START--
INFO: [ template_filter ] --START--
INFO: Run Behavior\ContentReplaceBehavior [ RunTime:0.000063s ]
INFO: [ template_filter ] --END-- [ RunTime:0.000095s ]
SQL: SELECT `value` FROM `yf_config` WHERE `field` = 'site_name' LIMIT 1   [ RunTime:0.0002s ]
SQL: SELECT `value` FROM `yf_config` WHERE `field` = 'site_logo' LIMIT 1   [ RunTime:0.0001s ]
SQL: SELECT `value` FROM `yf_config` WHERE `field` = 'site_name' LIMIT 1   [ RunTime:0.0001s ]
SQL: SELECT `value` FROM `yf_config` WHERE `field` = 'site_title' LIMIT 1   [ RunTime:0.0001s ]
SQL: SELECT `value` FROM `yf_config` WHERE `field` = 'site_keywords' LIMIT 1   [ RunTime:0.0001s ]
SQL: SELECT `value` FROM `yf_config` WHERE `field` = 'site_descript' LIMIT 1   [ RunTime:0.0002s ]
SQL: SELECT `value` FROM `yf_config` WHERE `field` = 'site_copyright' LIMIT 1   [ RunTime:0.0001s ]
SQL: SELECT `value` FROM `yf_config` WHERE `field` = 'site_logo' LIMIT 1   [ RunTime:0.0001s ]
NOTIC: [8] Undefined variable: yb E:\wz\1\Ym\Runtime\Cache\Yd\6717a7b27228a4ba9123f31d0afd03e3.php 第 162 行.
INFO: Run Behavior\ParseTemplateBehavior [ RunTime:0.007078s ]
INFO: [ view_parse ] --END-- [ RunTime:0.007107s ]
INFO: [ view_filter ] --START--
INFO: Run Behavior\WriteHtmlCacheBehavior [ RunTime:0.000248s ]
INFO: [ view_filter ] --END-- [ RunTime:0.000270s ]
INFO: [ app_end ] --START--
INFO: Run Behavior\ShowPageTraceBehavior [ RunTime:0.000322s ]
INFO: [ app_end ] --END-- [ RunTime:0.000349s ]

[ 2016-05-21T10:11:46+08:00 ] 127.0.0.1 /Yd/wb/
INFO: [ app_init ] --START--
INFO: Run Behavior\BuildLiteBehavior [ RunTime:0.000010s ]
INFO: [ app_init ] --END-- [ RunTime:0.000304s ]
INFO: [ app_begin ] --START--
INFO: Run Behavior\ReadHtmlCacheBehavior [ RunTime:0.000411s ]
INFO: [ app_begin ] --END-- [ RunTime:0.000450s ]
SQL: SHOW COLUMNS FROM `yf_brand` [ RunTime:0.0133s ]
SQL: SELECT * FROM `yf_brand` ORDER BY id desc LIMIT 10   [ RunTime:0.0009s ]
SQL: SHOW COLUMNS FROM `yf_data` [ RunTime:0.0080s ]
NOTIC: [8] Undefined index: title E:\wz\1\Ym\Yd\Controller\WbController.class.php 第 23 行.
NOTIC: [8] Undefined index: w1 E:\wz\1\Ym\Yd\Controller\WbController.class.php 第 29 行.
SQL: SELECT COUNT(*) AS tp_count FROM `yf_data` WHERE `w7` = 1 LIMIT 1   [ RunTime:0.0007s ]
SQL: SELECT * FROM `yf_data` WHERE `w7` = 1 ORDER BY id desc LIMIT 0,30   [ RunTime:0.0013s ]
INFO: [ view_parse ] --START--
INFO: [ template_filter ] --START--
INFO: Run Behavior\ContentReplaceBehavior [ RunTime:0.000161s ]
INFO: [ template_filter ] --END-- [ RunTime:0.000253s ]
SQL: SHOW COLUMNS FROM `yf_config` [ RunTime:0.0046s ]
SQL: SELECT `value` FROM `yf_config` WHERE `field` = 'site_name' LIMIT 1   [ RunTime:0.0004s ]
SQL: SELECT `value` FROM `yf_config` WHERE `field` = 'site_logo' LIMIT 1   [ RunTime:0.0004s ]
NOTIC: [8] Undefined index: title E:\wz\1\Ym\Runtime\Cache\Yd\84176d4c7a43a917c4026a35d2c63ce1.php 第 102 行.
NOTIC: [8] Use of undefined constant id - assumed 'id' E:\wz\1\Ym\Runtime\Cache\Yd\84176d4c7a43a917c4026a35d2c63ce1.php 第 108 行.
NOTIC: [8] Use of undefined constant w1 - assumed 'w1' E:\wz\1\Ym\Runtime\Cache\Yd\84176d4c7a43a917c4026a35d2c63ce1.php 第 108 行.
NOTIC: [8] Undefined index: w1 E:\wz\1\Ym\Runtime\Cache\Yd\84176d4c7a43a917c4026a35d2c63ce1.php 第 108 行.
NOTIC: [8] Use of undefined constant id - assumed 'id' E:\wz\1\Ym\Runtime\Cache\Yd\84176d4c7a43a917c4026a35d2c63ce1.php 第 108 行.
NOTIC: [8] Use of undefined constant w1 - assumed 'w1' E:\wz\1\Ym\Runtime\Cache\Yd\84176d4c7a43a917c4026a35d2c63ce1.php 第 108 行.
NOTIC: [8] Undefined index: w1 E:\wz\1\Ym\Runtime\Cache\Yd\84176d4c7a43a917c4026a35d2c63ce1.php 第 108 行.
NOTIC: [8] Use of undefined constant id - assumed 'id' E:\wz\1\Ym\Runtime\Cache\Yd\84176d4c7a43a917c4026a35d2c63ce1.php 第 108 行.
NOTIC: [8] Use of undefined constant w1 - assumed 'w1' E:\wz\1\Ym\Runtime\Cache\Yd\84176d4c7a43a917c4026a35d2c63ce1.php 第 108 行.
NOTIC: [8] Undefined index: w1 E:\wz\1\Ym\Runtime\Cache\Yd\84176d4c7a43a917c4026a35d2c63ce1.php 第 108 行.
NOTIC: [8] Use of undefined constant id - assumed 'id' E:\wz\1\Ym\Runtime\Cache\Yd\84176d4c7a43a917c4026a35d2c63ce1.php 第 108 行.
NOTIC: [8] Use of undefined constant w1 - assumed 'w1' E:\wz\1\Ym\Runtime\Cache\Yd\84176d4c7a43a917c4026a35d2c63ce1.php 第 108 行.
NOTIC: [8] Undefined index: w1 E:\wz\1\Ym\Runtime\Cache\Yd\84176d4c7a43a917c4026a35d2c63ce1.php 第 108 行.
NOTIC: [8] Use of undefined constant id - assumed 'id' E:\wz\1\Ym\Runtime\Cache\Yd\84176d4c7a43a917c4026a35d2c63ce1.php 第 108 行.
NOTIC: [8] Use of undefined constant w1 - assumed 'w1' E:\wz\1\Ym\Runtime\Cache\Yd\84176d4c7a43a917c4026a35d2c63ce1.php 第 108 行.
NOTIC: [8] Undefined index: w1 E:\wz\1\Ym\Runtime\Cache\Yd\84176d4c7a43a917c4026a35d2c63ce1.php 第 108 行.
NOTIC: [8] Use of undefined constant id - assumed 'id' E:\wz\1\Ym\Runtime\Cache\Yd\84176d4c7a43a917c4026a35d2c63ce1.php 第 108 行.
NOTIC: [8] Use of undefined constant w1 - assumed 'w1' E:\wz\1\Ym\Runtime\Cache\Yd\84176d4c7a43a917c4026a35d2c63ce1.php 第 108 行.
NOTIC: [8] Undefined index: w1 E:\wz\1\Ym\Runtime\Cache\Yd\84176d4c7a43a917c4026a35d2c63ce1.php 第 108 行.
NOTIC: [8] Use of undefined constant id - assumed 'id' E:\wz\1\Ym\Runtime\Cache\Yd\84176d4c7a43a917c4026a35d2c63ce1.php 第 108 行.
NOTIC: [8] Use of undefined constant w1 - assumed 'w1' E:\wz\1\Ym\Runtime\Cache\Yd\84176d4c7a43a917c4026a35d2c63ce1.php 第 108 行.
NOTIC: [8] Undefined index: w1 E:\wz\1\Ym\Runtime\Cache\Yd\84176d4c7a43a917c4026a35d2c63ce1.php 第 108 行.
NOTIC: [8] Use of undefined constant id - assumed 'id' E:\wz\1\Ym\Runtime\Cache\Yd\84176d4c7a43a917c4026a35d2c63ce1.php 第 108 行.
NOTIC: [8] Use of undefined constant w1 - assumed 'w1' E:\wz\1\Ym\Runtime\Cache\Yd\84176d4c7a43a917c4026a35d2c63ce1.php 第 108 行.
NOTIC: [8] Undefined index: w1 E:\wz\1\Ym\Runtime\Cache\Yd\84176d4c7a43a917c4026a35d2c63ce1.php 第 108 行.
NOTIC: [8] Use of undefined constant w1 - assumed 'w1' E:\wz\1\Ym\Runtime\Cache\Yd\84176d4c7a43a917c4026a35d2c63ce1.php 第 135 行.
SQL: SHOW COLUMNS FROM `yf_brand` [ RunTime:0.0047s ]
SQL: SELECT `title` FROM `yf_brand` WHERE `id` = 4 LIMIT 1   [ RunTime:0.0004s ]
NOTIC: [8] Use of undefined constant w1 - assumed 'w1' E:\wz\1\Ym\Runtime\Cache\Yd\84176d4c7a43a917c4026a35d2c63ce1.php 第 135 行.
SQL: SELECT `title` FROM `yf_brand` WHERE `id` = 7 LIMIT 1   [ RunTime:0.0004s ]
NOTIC: [8] Use of undefined constant w1 - assumed 'w1' E:\wz\1\Ym\Runtime\Cache\Yd\84176d4c7a43a917c4026a35d2c63ce1.php 第 135 行.
SQL: SELECT `title` FROM `yf_brand` WHERE `id` = 3 LIMIT 1   [ RunTime:0.0004s ]
NOTIC: [8] Use of undefined constant w1 - assumed 'w1' E:\wz\1\Ym\Runtime\Cache\Yd\84176d4c7a43a917c4026a35d2c63ce1.php 第 135 行.
SQL: SELECT `title` FROM `yf_brand` WHERE `id` = 3 LIMIT 1   [ RunTime:0.0004s ]
NOTIC: [8] Use of undefined constant w1 - assumed 'w1' E:\wz\1\Ym\Runtime\Cache\Yd\84176d4c7a43a917c4026a35d2c63ce1.php 第 135 行.
SQL: SELECT `title` FROM `yf_brand` WHERE `id` = 7 LIMIT 1   [ RunTime:0.0003s ]
NOTIC: [8] Use of undefined constant w1 - assumed 'w1' E:\wz\1\Ym\Runtime\Cache\Yd\84176d4c7a43a917c4026a35d2c63ce1.php 第 135 行.
SQL: SELECT `title` FROM `yf_brand` WHERE `id` = 4 LIMIT 1   [ RunTime:0.0003s ]
NOTIC: [8] Use of undefined constant w1 - assumed 'w1' E:\wz\1\Ym\Runtime\Cache\Yd\84176d4c7a43a917c4026a35d2c63ce1.php 第 135 行.
SQL: SELECT `title` FROM `yf_brand` WHERE `id` = 7 LIMIT 1   [ RunTime:0.0003s ]
NOTIC: [8] Use of undefined constant w1 - assumed 'w1' E:\wz\1\Ym\Runtime\Cache\Yd\84176d4c7a43a917c4026a35d2c63ce1.php 第 135 行.
SQL: SELECT `title` FROM `yf_brand` WHERE `id` = 3 LIMIT 1   [ RunTime:0.0003s ]
NOTIC: [8] Use of undefined constant w1 - assumed 'w1' E:\wz\1\Ym\Runtime\Cache\Yd\84176d4c7a43a917c4026a35d2c63ce1.php 第 135 行.
SQL: SELECT `title` FROM `yf_brand` WHERE `id` = 3 LIMIT 1   [ RunTime:0.0003s ]
NOTIC: [8] Use of undefined constant w1 - assumed 'w1' E:\wz\1\Ym\Runtime\Cache\Yd\84176d4c7a43a917c4026a35d2c63ce1.php 第 135 行.
SQL: SELECT `title` FROM `yf_brand` WHERE `id` = 7 LIMIT 1   [ RunTime:0.0003s ]
NOTIC: [8] Use of undefined constant w1 - assumed 'w1' E:\wz\1\Ym\Runtime\Cache\Yd\84176d4c7a43a917c4026a35d2c63ce1.php 第 135 行.
SQL: SELECT `title` FROM `yf_brand` WHERE `id` = 6 LIMIT 1   [ RunTime:0.0004s ]
NOTIC: [8] Undefined variable: yb E:\wz\1\Ym\Runtime\Cache\Yd\84176d4c7a43a917c4026a35d2c63ce1.php 第 170 行.
INFO: Run Behavior\ParseTemplateBehavior [ RunTime:0.046852s ]
INFO: [ view_parse ] --END-- [ RunTime:0.046947s ]
INFO: [ view_filter ] --START--
INFO: Run Behavior\WriteHtmlCacheBehavior [ RunTime:0.001564s ]
INFO: [ view_filter ] --END-- [ RunTime:0.001693s ]
INFO: [ app_end ] --START--
INFO: Run Behavior\ShowPageTraceBehavior [ RunTime:0.001649s ]
INFO: [ app_end ] --END-- [ RunTime:0.001808s ]

[ 2016-05-21T10:11:48+08:00 ] 127.0.0.1 /Yd/Wb/add.html
INFO: [ app_init ] --START--
INFO: Run Behavior\BuildLiteBehavior [ RunTime:0.000010s ]
INFO: [ app_init ] --END-- [ RunTime:0.000357s ]
INFO: [ app_begin ] --START--
INFO: Run Behavior\ReadHtmlCacheBehavior [ RunTime:0.000404s ]
INFO: [ app_begin ] --END-- [ RunTime:0.000439s ]
SQL: SHOW COLUMNS FROM `yf_brand` [ RunTime:0.0078s ]
SQL: SELECT * FROM `yf_brand` ORDER BY id desc LIMIT 10   [ RunTime:0.0008s ]
INFO: [ view_parse ] --START--
INFO: [ template_filter ] --START--
INFO: Run Behavior\ContentReplaceBehavior [ RunTime:0.000267s ]
INFO: [ template_filter ] --END-- [ RunTime:0.000392s ]
SQL: SHOW COLUMNS FROM `yf_config` [ RunTime:0.0070s ]
SQL: SELECT `value` FROM `yf_config` WHERE `field` = 'site_name' LIMIT 1   [ RunTime:0.0006s ]
SQL: SELECT `value` FROM `yf_config` WHERE `field` = 'site_logo' LIMIT 1   [ RunTime:0.0006s ]
NOTIC: [8] Undefined variable: goods_info E:\wz\1\Ym\Runtime\Cache\Yd\8ab225e899c7bbb2af3a64dd535e48f3.php 第 96 行.
NOTIC: [8] Undefined variable: goods_info E:\wz\1\Ym\Runtime\Cache\Yd\8ab225e899c7bbb2af3a64dd535e48f3.php 第 99 行.
NOTIC: [8] Use of undefined constant id - assumed 'id' E:\wz\1\Ym\Runtime\Cache\Yd\8ab225e899c7bbb2af3a64dd535e48f3.php 第 105 行.
NOTIC: [8] Use of undefined constant w1 - assumed 'w1' E:\wz\1\Ym\Runtime\Cache\Yd\8ab225e899c7bbb2af3a64dd535e48f3.php 第 105 行.
NOTIC: [8] Undefined variable: goods_info E:\wz\1\Ym\Runtime\Cache\Yd\8ab225e899c7bbb2af3a64dd535e48f3.php 第 105 行.
NOTIC: [8] Use of undefined constant id - assumed 'id' E:\wz\1\Ym\Runtime\Cache\Yd\8ab225e899c7bbb2af3a64dd535e48f3.php 第 105 行.
NOTIC: [8] Use of undefined constant w1 - assumed 'w1' E:\wz\1\Ym\Runtime\Cache\Yd\8ab225e899c7bbb2af3a64dd535e48f3.php 第 105 行.
NOTIC: [8] Undefined variable: goods_info E:\wz\1\Ym\Runtime\Cache\Yd\8ab225e899c7bbb2af3a64dd535e48f3.php 第 105 行.
NOTIC: [8] Use of undefined constant id - assumed 'id' E:\wz\1\Ym\Runtime\Cache\Yd\8ab225e899c7bbb2af3a64dd535e48f3.php 第 105 行.
NOTIC: [8] Use of undefined constant w1 - assumed 'w1' E:\wz\1\Ym\Runtime\Cache\Yd\8ab225e899c7bbb2af3a64dd535e48f3.php 第 105 行.
NOTIC: [8] Undefined variable: goods_info E:\wz\1\Ym\Runtime\Cache\Yd\8ab225e899c7bbb2af3a64dd535e48f3.php 第 105 行.
NOTIC: [8] Use of undefined constant id - assumed 'id' E:\wz\1\Ym\Runtime\Cache\Yd\8ab225e899c7bbb2af3a64dd535e48f3.php 第 105 行.
NOTIC: [8] Use of undefined constant w1 - assumed 'w1' E:\wz\1\Ym\Runtime\Cache\Yd\8ab225e899c7bbb2af3a64dd535e48f3.php 第 105 行.
NOTIC: [8] Undefined variable: goods_info E:\wz\1\Ym\Runtime\Cache\Yd\8ab225e899c7bbb2af3a64dd535e48f3.php 第 105 行.
NOTIC: [8] Use of undefined constant id - assumed 'id' E:\wz\1\Ym\Runtime\Cache\Yd\8ab225e899c7bbb2af3a64dd535e48f3.php 第 105 行.
NOTIC: [8] Use of undefined constant w1 - assumed 'w1' E:\wz\1\Ym\Runtime\Cache\Yd\8ab225e899c7bbb2af3a64dd535e48f3.php 第 105 行.
NOTIC: [8] Undefined variable: goods_info E:\wz\1\Ym\Runtime\Cache\Yd\8ab225e899c7bbb2af3a64dd535e48f3.php 第 105 行.
NOTIC: [8] Use of undefined constant id - assumed 'id' E:\wz\1\Ym\Runtime\Cache\Yd\8ab225e899c7bbb2af3a64dd535e48f3.php 第 105 行.
NOTIC: [8] Use of undefined constant w1 - assumed 'w1' E:\wz\1\Ym\Runtime\Cache\Yd\8ab225e899c7bbb2af3a64dd535e48f3.php 第 105 行.
NOTIC: [8] Undefined variable: goods_info E:\wz\1\Ym\Runtime\Cache\Yd\8ab225e899c7bbb2af3a64dd535e48f3.php 第 105 行.
NOTIC: [8] Use of undefined constant id - assumed 'id' E:\wz\1\Ym\Runtime\Cache\Yd\8ab225e899c7bbb2af3a64dd535e48f3.php 第 105 行.
NOTIC: [8] Use of undefined constant w1 - assumed 'w1' E:\wz\1\Ym\Runtime\Cache\Yd\8ab225e899c7bbb2af3a64dd535e48f3.php 第 105 行.
NOTIC: [8] Undefined variable: goods_info E:\wz\1\Ym\Runtime\Cache\Yd\8ab225e899c7bbb2af3a64dd535e48f3.php 第 105 行.
NOTIC: [8] Use of undefined constant id - assumed 'id' E:\wz\1\Ym\Runtime\Cache\Yd\8ab225e899c7bbb2af3a64dd535e48f3.php 第 105 行.
NOTIC: [8] Use of undefined constant w1 - assumed 'w1' E:\wz\1\Ym\Runtime\Cache\Yd\8ab225e899c7bbb2af3a64dd535e48f3.php 第 105 行.
NOTIC: [8] Undefined variable: goods_info E:\wz\1\Ym\Runtime\Cache\Yd\8ab225e899c7bbb2af3a64dd535e48f3.php 第 105 行.
NOTIC: [8] Undefined variable: goods_info E:\wz\1\Ym\Runtime\Cache\Yd\8ab225e899c7bbb2af3a64dd535e48f3.php 第 112 行.
NOTIC: [8] Undefined variable: goods_info E:\wz\1\Ym\Runtime\Cache\Yd\8ab225e899c7bbb2af3a64dd535e48f3.php 第 117 行.
NOTIC: [8] Undefined variable: goods_info E:\wz\1\Ym\Runtime\Cache\Yd\8ab225e899c7bbb2af3a64dd535e48f3.php 第 123 行.
NOTIC: [8] Undefined variable: goods_info E:\wz\1\Ym\Runtime\Cache\Yd\8ab225e899c7bbb2af3a64dd535e48f3.php 第 129 行.
NOTIC: [8] Undefined variable: goods_info E:\wz\1\Ym\Runtime\Cache\Yd\8ab225e899c7bbb2af3a64dd535e48f3.php 第 135 行.
NOTIC: [8] Undefined variable: goods_info E:\wz\1\Ym\Runtime\Cache\Yd\8ab225e899c7bbb2af3a64dd535e48f3.php 第 141 行.
NOTIC: [8] Undefined variable: goods_info E:\wz\1\Ym\Runtime\Cache\Yd\8ab225e899c7bbb2af3a64dd535e48f3.php 第 147 行.
NOTIC: [8] Undefined variable: yb E:\wz\1\Ym\Runtime\Cache\Yd\8ab225e899c7bbb2af3a64dd535e48f3.php 第 162 行.
INFO: Run Behavior\ParseTemplateBehavior [ RunTime:0.036379s ]
INFO: [ view_parse ] --END-- [ RunTime:0.036520s ]
INFO: [ view_filter ] --START--
INFO: Run Behavior\WriteHtmlCacheBehavior [ RunTime:0.001258s ]
INFO: [ view_filter ] --END-- [ RunTime:0.001362s ]
INFO: [ app_end ] --START--
INFO: Run Behavior\ShowPageTraceBehavior [ RunTime:0.001809s ]
INFO: [ app_end ] --END-- [ RunTime:0.001937s ]

[ 2016-05-21T10:12:21+08:00 ] 127.0.0.1 /Yd/wx/
INFO: [ app_init ] --START--
INFO: Run Behavior\BuildLiteBehavior [ RunTime:0.000010s ]
INFO: [ app_init ] --END-- [ RunTime:0.000296s ]
INFO: [ app_begin ] --START--
INFO: Run Behavior\ReadHtmlCacheBehavior [ RunTime:0.000347s ]
INFO: [ app_begin ] --END-- [ RunTime:0.000383s ]
SQL: SHOW COLUMNS FROM `yf_brand` [ RunTime:0.0078s ]
SQL: SELECT * FROM `yf_brand` ORDER BY id desc LIMIT 10   [ RunTime:0.0008s ]
SQL: SHOW COLUMNS FROM `yf_data` [ RunTime:0.0068s ]
NOTIC: [8] Undefined index: title E:\wz\1\Ym\Yd\Controller\WxController.class.php 第 25 行.
NOTIC: [8] Undefined index: w1 E:\wz\1\Ym\Yd\Controller\WxController.class.php 第 31 行.
SQL: SELECT COUNT(*) AS tp_count FROM `yf_data` WHERE `w7` = 2 LIMIT 1   [ RunTime:0.0007s ]
SQL: SELECT * FROM `yf_data` WHERE `w7` = 2 ORDER BY id desc LIMIT 0,30   [ RunTime:0.0011s ]
INFO: [ view_parse ] --START--
INFO: [ template_filter ] --START--
INFO: Run Behavior\ContentReplaceBehavior [ RunTime:0.000259s ]
INFO: [ template_filter ] --END-- [ RunTime:0.000393s ]
SQL: SHOW COLUMNS FROM `yf_config` [ RunTime:0.0070s ]
SQL: SELECT `value` FROM `yf_config` WHERE `field` = 'site_name' LIMIT 1   [ RunTime:0.0007s ]
SQL: SELECT `value` FROM `yf_config` WHERE `field` = 'site_logo' LIMIT 1   [ RunTime:0.0006s ]
NOTIC: [8] Undefined index: title E:\wz\1\Ym\Runtime\Cache\Yd\c4542047031976169567e1f2489fcf30.php 第 102 行.
NOTIC: [8] Use of undefined constant id - assumed 'id' E:\wz\1\Ym\Runtime\Cache\Yd\c4542047031976169567e1f2489fcf30.php 第 108 行.
NOTIC: [8] Use of undefined constant w1 - assumed 'w1' E:\wz\1\Ym\Runtime\Cache\Yd\c4542047031976169567e1f2489fcf30.php 第 108 行.
NOTIC: [8] Undefined index: w1 E:\wz\1\Ym\Runtime\Cache\Yd\c4542047031976169567e1f2489fcf30.php 第 108 行.
NOTIC: [8] Use of undefined constant id - assumed 'id' E:\wz\1\Ym\Runtime\Cache\Yd\c4542047031976169567e1f2489fcf30.php 第 108 行.
NOTIC: [8] Use of undefined constant w1 - assumed 'w1' E:\wz\1\Ym\Runtime\Cache\Yd\c4542047031976169567e1f2489fcf30.php 第 108 行.
NOTIC: [8] Undefined index: w1 E:\wz\1\Ym\Runtime\Cache\Yd\c4542047031976169567e1f2489fcf30.php 第 108 行.
NOTIC: [8] Use of undefined constant id - assumed 'id' E:\wz\1\Ym\Runtime\Cache\Yd\c4542047031976169567e1f2489fcf30.php 第 108 行.
NOTIC: [8] Use of undefined constant w1 - assumed 'w1' E:\wz\1\Ym\Runtime\Cache\Yd\c4542047031976169567e1f2489fcf30.php 第 108 行.
NOTIC: [8] Undefined index: w1 E:\wz\1\Ym\Runtime\Cache\Yd\c4542047031976169567e1f2489fcf30.php 第 108 行.
NOTIC: [8] Use of undefined constant id - assumed 'id' E:\wz\1\Ym\Runtime\Cache\Yd\c4542047031976169567e1f2489fcf30.php 第 108 行.
NOTIC: [8] Use of undefined constant w1 - assumed 'w1' E:\wz\1\Ym\Runtime\Cache\Yd\c4542047031976169567e1f2489fcf30.php 第 108 行.
NOTIC: [8] Undefined index: w1 E:\wz\1\Ym\Runtime\Cache\Yd\c4542047031976169567e1f2489fcf30.php 第 108 行.
NOTIC: [8] Use of undefined constant id - assumed 'id' E:\wz\1\Ym\Runtime\Cache\Yd\c4542047031976169567e1f2489fcf30.php 第 108 行.
NOTIC: [8] Use of undefined constant w1 - assumed 'w1' E:\wz\1\Ym\Runtime\Cache\Yd\c4542047031976169567e1f2489fcf30.php 第 108 行.
NOTIC: [8] Undefined index: w1 E:\wz\1\Ym\Runtime\Cache\Yd\c4542047031976169567e1f2489fcf30.php 第 108 行.
NOTIC: [8] Use of undefined constant id - assumed 'id' E:\wz\1\Ym\Runtime\Cache\Yd\c4542047031976169567e1f2489fcf30.php 第 108 行.
NOTIC: [8] Use of undefined constant w1 - assumed 'w1' E:\wz\1\Ym\Runtime\Cache\Yd\c4542047031976169567e1f2489fcf30.php 第 108 行.
NOTIC: [8] Undefined index: w1 E:\wz\1\Ym\Runtime\Cache\Yd\c4542047031976169567e1f2489fcf30.php 第 108 行.
NOTIC: [8] Use of undefined constant id - assumed 'id' E:\wz\1\Ym\Runtime\Cache\Yd\c4542047031976169567e1f2489fcf30.php 第 108 行.
NOTIC: [8] Use of undefined constant w1 - assumed 'w1' E:\wz\1\Ym\Runtime\Cache\Yd\c4542047031976169567e1f2489fcf30.php 第 108 行.
NOTIC: [8] Undefined index: w1 E:\wz\1\Ym\Runtime\Cache\Yd\c4542047031976169567e1f2489fcf30.php 第 108 行.
NOTIC: [8] Use of undefined constant id - assumed 'id' E:\wz\1\Ym\Runtime\Cache\Yd\c4542047031976169567e1f2489fcf30.php 第 108 行.
NOTIC: [8] Use of undefined constant w1 - assumed 'w1' E:\wz\1\Ym\Runtime\Cache\Yd\c4542047031976169567e1f2489fcf30.php 第 108 行.
NOTIC: [8] Undefined index: w1 E:\wz\1\Ym\Runtime\Cache\Yd\c4542047031976169567e1f2489fcf30.php 第 108 行.
NOTIC: [8] Use of undefined constant w1 - assumed 'w1' E:\wz\1\Ym\Runtime\Cache\Yd\c4542047031976169567e1f2489fcf30.php 第 135 行.
SQL: SHOW COLUMNS FROM `yf_brand` [ RunTime:0.0076s ]
SQL: SELECT `title` FROM `yf_brand` WHERE `id` = 8 LIMIT 1   [ RunTime:0.0006s ]
NOTIC: [8] Use of undefined constant w1 - assumed 'w1' E:\wz\1\Ym\Runtime\Cache\Yd\c4542047031976169567e1f2489fcf30.php 第 135 行.
SQL: SELECT `title` FROM `yf_brand` WHERE `id` = 8 LIMIT 1   [ RunTime:0.0005s ]
NOTIC: [8] Use of undefined constant w1 - assumed 'w1' E:\wz\1\Ym\Runtime\Cache\Yd\c4542047031976169567e1f2489fcf30.php 第 135 行.
SQL: SELECT `title` FROM `yf_brand` WHERE `id` = 7 LIMIT 1   [ RunTime:0.0005s ]
NOTIC: [8] Use of undefined constant w1 - assumed 'w1' E:\wz\1\Ym\Runtime\Cache\Yd\c4542047031976169567e1f2489fcf30.php 第 135 行.
SQL: SELECT `title` FROM `yf_brand` WHERE `id` = 4 LIMIT 1   [ RunTime:0.0003s ]
NOTIC: [8] Use of undefined constant w1 - assumed 'w1' E:\wz\1\Ym\Runtime\Cache\Yd\c4542047031976169567e1f2489fcf30.php 第 135 行.
SQL: SELECT `title` FROM `yf_brand` WHERE `id` = 7 LIMIT 1   [ RunTime:0.0004s ]
NOTIC: [8] Use of undefined constant w1 - assumed 'w1' E:\wz\1\Ym\Runtime\Cache\Yd\c4542047031976169567e1f2489fcf30.php 第 135 行.
SQL: SELECT `title` FROM `yf_brand` WHERE `id` = 3 LIMIT 1   [ RunTime:0.0004s ]
NOTIC: [8] Use of undefined constant w1 - assumed 'w1' E:\wz\1\Ym\Runtime\Cache\Yd\c4542047031976169567e1f2489fcf30.php 第 135 行.
SQL: SELECT `title` FROM `yf_brand` WHERE `id` = 3 LIMIT 1   [ RunTime:0.0003s ]
NOTIC: [8] Use of undefined constant w1 - assumed 'w1' E:\wz\1\Ym\Runtime\Cache\Yd\c4542047031976169567e1f2489fcf30.php 第 135 行.
SQL: SELECT `title` FROM `yf_brand` WHERE `id` = 7 LIMIT 1   [ RunTime:0.0003s ]
NOTIC: [8] Use of undefined constant w1 - assumed 'w1' E:\wz\1\Ym\Runtime\Cache\Yd\c4542047031976169567e1f2489fcf30.php 第 135 行.
SQL: SELECT `title` FROM `yf_brand` WHERE `id` = 4 LIMIT 1   [ RunTime:0.0004s ]
NOTIC: [8] Undefined variable: yb E:\wz\1\Ym\Runtime\Cache\Yd\c4542047031976169567e1f2489fcf30.php 第 170 行.
INFO: Run Behavior\ParseTemplateBehavior [ RunTime:0.060322s ]
INFO: [ view_parse ] --END-- [ RunTime:0.060425s ]
INFO: [ view_filter ] --START--
INFO: Run Behavior\WriteHtmlCacheBehavior [ RunTime:0.000894s ]
INFO: [ view_filter ] --END-- [ RunTime:0.000966s ]
INFO: [ app_end ] --START--
INFO: Run Behavior\ShowPageTraceBehavior [ RunTime:0.001723s ]
INFO: [ app_end ] --END-- [ RunTime:0.001843s ]

[ 2016-05-21T10:12:52+08:00 ] 127.0.0.1 /Yd/sz/
INFO: [ app_init ] --START--
INFO: Run Behavior\BuildLiteBehavior [ RunTime:0.000012s ]
INFO: [ app_init ] --END-- [ RunTime:0.000339s ]
INFO: [ app_begin ] --START--
INFO: Run Behavior\ReadHtmlCacheBehavior [ RunTime:0.000372s ]
INFO: [ app_begin ] --END-- [ RunTime:0.000411s ]
SQL: SHOW COLUMNS FROM `yf_brand` [ RunTime:0.0036s ]
SQL: SELECT * FROM `yf_brand` ORDER BY id desc LIMIT 10   [ RunTime:0.0005s ]
SQL: SHOW COLUMNS FROM `yf_data` [ RunTime:0.0037s ]
NOTIC: [8] Undefined index: title E:\wz\1\Ym\Yd\Controller\SzController.class.php 第 23 行.
NOTIC: [8] Undefined index: w1 E:\wz\1\Ym\Yd\Controller\SzController.class.php 第 29 行.
SQL: SELECT COUNT(*) AS tp_count FROM `yf_data` WHERE `w7` = 3 LIMIT 1   [ RunTime:0.0004s ]
SQL: SELECT * FROM `yf_data` WHERE `w7` = 3 ORDER BY id desc LIMIT 0,30   [ RunTime:0.0004s ]
INFO: [ view_parse ] --START--
INFO: [ template_filter ] --START--
INFO: Run Behavior\ContentReplaceBehavior [ RunTime:0.000133s ]
INFO: [ template_filter ] --END-- [ RunTime:0.000205s ]
SQL: SHOW COLUMNS FROM `yf_config` [ RunTime:0.0038s ]
SQL: SELECT `value` FROM `yf_config` WHERE `field` = 'site_name' LIMIT 1   [ RunTime:0.0004s ]
SQL: SELECT `value` FROM `yf_config` WHERE `field` = 'site_logo' LIMIT 1   [ RunTime:0.0003s ]
NOTIC: [8] Undefined index: title E:\wz\1\Ym\Runtime\Cache\Yd\89fb80cfddabb7ba3ef74cea444a93bd.php 第 102 行.
NOTIC: [8] Use of undefined constant id - assumed 'id' E:\wz\1\Ym\Runtime\Cache\Yd\89fb80cfddabb7ba3ef74cea444a93bd.php 第 108 行.
NOTIC: [8] Use of undefined constant w1 - assumed 'w1' E:\wz\1\Ym\Runtime\Cache\Yd\89fb80cfddabb7ba3ef74cea444a93bd.php 第 108 行.
NOTIC: [8] Undefined index: w1 E:\wz\1\Ym\Runtime\Cache\Yd\89fb80cfddabb7ba3ef74cea444a93bd.php 第 108 行.
NOTIC: [8] Use of undefined constant id - assumed 'id' E:\wz\1\Ym\Runtime\Cache\Yd\89fb80cfddabb7ba3ef74cea444a93bd.php 第 108 行.
NOTIC: [8] Use of undefined constant w1 - assumed 'w1' E:\wz\1\Ym\Runtime\Cache\Yd\89fb80cfddabb7ba3ef74cea444a93bd.php 第 108 行.
NOTIC: [8] Undefined index: w1 E:\wz\1\Ym\Runtime\Cache\Yd\89fb80cfddabb7ba3ef74cea444a93bd.php 第 108 行.
NOTIC: [8] Use of undefined constant id - assumed 'id' E:\wz\1\Ym\Runtime\Cache\Yd\89fb80cfddabb7ba3ef74cea444a93bd.php 第 108 行.
NOTIC: [8] Use of undefined constant w1 - assumed 'w1' E:\wz\1\Ym\Runtime\Cache\Yd\89fb80cfddabb7ba3ef74cea444a93bd.php 第 108 行.
NOTIC: [8] Undefined index: w1 E:\wz\1\Ym\Runtime\Cache\Yd\89fb80cfddabb7ba3ef74cea444a93bd.php 第 108 行.
NOTIC: [8] Use of undefined constant id - assumed 'id' E:\wz\1\Ym\Runtime\Cache\Yd\89fb80cfddabb7ba3ef74cea444a93bd.php 第 108 行.
NOTIC: [8] Use of undefined constant w1 - assumed 'w1' E:\wz\1\Ym\Runtime\Cache\Yd\89fb80cfddabb7ba3ef74cea444a93bd.php 第 108 行.
NOTIC: [8] Undefined index: w1 E:\wz\1\Ym\Runtime\Cache\Yd\89fb80cfddabb7ba3ef74cea444a93bd.php 第 108 行.
NOTIC: [8] Use of undefined constant id - assumed 'id' E:\wz\1\Ym\Runtime\Cache\Yd\89fb80cfddabb7ba3ef74cea444a93bd.php 第 108 行.
NOTIC: [8] Use of undefined constant w1 - assumed 'w1' E:\wz\1\Ym\Runtime\Cache\Yd\89fb80cfddabb7ba3ef74cea444a93bd.php 第 108 行.
NOTIC: [8] Undefined index: w1 E:\wz\1\Ym\Runtime\Cache\Yd\89fb80cfddabb7ba3ef74cea444a93bd.php 第 108 行.
NOTIC: [8] Use of undefined constant id - assumed 'id' E:\wz\1\Ym\Runtime\Cache\Yd\89fb80cfddabb7ba3ef74cea444a93bd.php 第 108 行.
NOTIC: [8] Use of undefined constant w1 - assumed 'w1' E:\wz\1\Ym\Runtime\Cache\Yd\89fb80cfddabb7ba3ef74cea444a93bd.php 第 108 行.
NOTIC: [8] Undefined index: w1 E:\wz\1\Ym\Runtime\Cache\Yd\89fb80cfddabb7ba3ef74cea444a93bd.php 第 108 行.
NOTIC: [8] Use of undefined constant id - assumed 'id' E:\wz\1\Ym\Runtime\Cache\Yd\89fb80cfddabb7ba3ef74cea444a93bd.php 第 108 行.
NOTIC: [8] Use of undefined constant w1 - assumed 'w1' E:\wz\1\Ym\Runtime\Cache\Yd\89fb80cfddabb7ba3ef74cea444a93bd.php 第 108 行.
NOTIC: [8] Undefined index: w1 E:\wz\1\Ym\Runtime\Cache\Yd\89fb80cfddabb7ba3ef74cea444a93bd.php 第 108 行.
NOTIC: [8] Use of undefined constant id - assumed 'id' E:\wz\1\Ym\Runtime\Cache\Yd\89fb80cfddabb7ba3ef74cea444a93bd.php 第 108 行.
NOTIC: [8] Use of undefined constant w1 - assumed 'w1' E:\wz\1\Ym\Runtime\Cache\Yd\89fb80cfddabb7ba3ef74cea444a93bd.php 第 108 行.
NOTIC: [8] Undefined index: w1 E:\wz\1\Ym\Runtime\Cache\Yd\89fb80cfddabb7ba3ef74cea444a93bd.php 第 108 行.
NOTIC: [8] Use of undefined constant w1 - assumed 'w1' E:\wz\1\Ym\Runtime\Cache\Yd\89fb80cfddabb7ba3ef74cea444a93bd.php 第 128 行.
SQL: SHOW COLUMNS FROM `yf_brand` [ RunTime:0.0036s ]
SQL: SELECT `title` FROM `yf_brand` WHERE `id` = 8 LIMIT 1   [ RunTime:0.0002s ]
NOTIC: [8] Undefined variable: yb E:\wz\1\Ym\Runtime\Cache\Yd\89fb80cfddabb7ba3ef74cea444a93bd.php 第 158 行.
INFO: Run Behavior\ParseTemplateBehavior [ RunTime:0.028560s ]
INFO: [ view_parse ] --END-- [ RunTime:0.028612s ]
INFO: [ view_filter ] --START--
INFO: Run Behavior\WriteHtmlCacheBehavior [ RunTime:0.000436s ]
INFO: [ view_filter ] --END-- [ RunTime:0.000470s ]
INFO: [ app_end ] --START--
INFO: Run Behavior\ShowPageTraceBehavior [ RunTime:0.000545s ]
INFO: [ app_end ] --END-- [ RunTime:0.000584s ]

[ 2016-05-21T10:13:02+08:00 ] 127.0.0.1 /Yd/Sz/edit/id/22.html
INFO: [ app_init ] --START--
INFO: Run Behavior\BuildLiteBehavior [ RunTime:0.000010s ]
INFO: [ app_init ] --END-- [ RunTime:0.000308s ]
INFO: [ app_begin ] --START--
INFO: Run Behavior\ReadHtmlCacheBehavior [ RunTime:0.000359s ]
INFO: [ app_begin ] --END-- [ RunTime:0.000396s ]
SQL: SHOW COLUMNS FROM `yf_brand` [ RunTime:0.0067s ]
SQL: SELECT * FROM `yf_brand` ORDER BY id desc LIMIT 10   [ RunTime:0.0008s ]
SQL: SHOW COLUMNS FROM `yf_data` [ RunTime:0.0068s ]
SQL: SELECT * FROM `yf_data` WHERE `id` = 22 LIMIT 1   [ RunTime:0.0008s ]
INFO: [ view_parse ] --START--
INFO: [ template_filter ] --START--
INFO: Run Behavior\ContentReplaceBehavior [ RunTime:0.000224s ]
INFO: [ template_filter ] --END-- [ RunTime:0.000355s ]
SQL: SHOW COLUMNS FROM `yf_config` [ RunTime:0.0074s ]
SQL: SELECT `value` FROM `yf_config` WHERE `field` = 'site_name' LIMIT 1   [ RunTime:0.0006s ]
SQL: SELECT `value` FROM `yf_config` WHERE `field` = 'site_logo' LIMIT 1   [ RunTime:0.0005s ]
NOTIC: [8] Use of undefined constant id - assumed 'id' E:\wz\1\Ym\Runtime\Cache\Yd\2a4ceeb7c317bf8d967ecc397ad7451c.php 第 105 行.
NOTIC: [8] Use of undefined constant w1 - assumed 'w1' E:\wz\1\Ym\Runtime\Cache\Yd\2a4ceeb7c317bf8d967ecc397ad7451c.php 第 105 行.
NOTIC: [8] Use of undefined constant id - assumed 'id' E:\wz\1\Ym\Runtime\Cache\Yd\2a4ceeb7c317bf8d967ecc397ad7451c.php 第 105 行.
NOTIC: [8] Use of undefined constant w1 - assumed 'w1' E:\wz\1\Ym\Runtime\Cache\Yd\2a4ceeb7c317bf8d967ecc397ad7451c.php 第 105 行.
NOTIC: [8] Use of undefined constant id - assumed 'id' E:\wz\1\Ym\Runtime\Cache\Yd\2a4ceeb7c317bf8d967ecc397ad7451c.php 第 105 行.
NOTIC: [8] Use of undefined constant w1 - assumed 'w1' E:\wz\1\Ym\Runtime\Cache\Yd\2a4ceeb7c317bf8d967ecc397ad7451c.php 第 105 行.
NOTIC: [8] Use of undefined constant id - assumed 'id' E:\wz\1\Ym\Runtime\Cache\Yd\2a4ceeb7c317bf8d967ecc397ad7451c.php 第 105 行.
NOTIC: [8] Use of undefined constant w1 - assumed 'w1' E:\wz\1\Ym\Runtime\Cache\Yd\2a4ceeb7c317bf8d967ecc397ad7451c.php 第 105 行.
NOTIC: [8] Use of undefined constant id - assumed 'id' E:\wz\1\Ym\Runtime\Cache\Yd\2a4ceeb7c317bf8d967ecc397ad7451c.php 第 105 行.
NOTIC: [8] Use of undefined constant w1 - assumed 'w1' E:\wz\1\Ym\Runtime\Cache\Yd\2a4ceeb7c317bf8d967ecc397ad7451c.php 第 105 行.
NOTIC: [8] Use of undefined constant id - assumed 'id' E:\wz\1\Ym\Runtime\Cache\Yd\2a4ceeb7c317bf8d967ecc397ad7451c.php 第 105 行.
NOTIC: [8] Use of undefined constant w1 - assumed 'w1' E:\wz\1\Ym\Runtime\Cache\Yd\2a4ceeb7c317bf8d967ecc397ad7451c.php 第 105 行.
NOTIC: [8] Use of undefined constant id - assumed 'id' E:\wz\1\Ym\Runtime\Cache\Yd\2a4ceeb7c317bf8d967ecc397ad7451c.php 第 105 行.
NOTIC: [8] Use of undefined constant w1 - assumed 'w1' E:\wz\1\Ym\Runtime\Cache\Yd\2a4ceeb7c317bf8d967ecc397ad7451c.php 第 105 行.
NOTIC: [8] Use of undefined constant id - assumed 'id' E:\wz\1\Ym\Runtime\Cache\Yd\2a4ceeb7c317bf8d967ecc397ad7451c.php 第 105 行.
NOTIC: [8] Use of undefined constant w1 - assumed 'w1' E:\wz\1\Ym\Runtime\Cache\Yd\2a4ceeb7c317bf8d967ecc397ad7451c.php 第 105 行.
NOTIC: [8] Undefined variable: yb E:\wz\1\Ym\Runtime\Cache\Yd\2a4ceeb7c317bf8d967ecc397ad7451c.php 第 132 行.
INFO: Run Behavior\ParseTemplateBehavior [ RunTime:0.034454s ]
INFO: [ view_parse ] --END-- [ RunTime:0.034553s ]
INFO: [ view_filter ] --START--
INFO: Run Behavior\WriteHtmlCacheBehavior [ RunTime:0.000886s ]
INFO: [ view_filter ] --END-- [ RunTime:0.000957s ]
INFO: [ app_end ] --START--
INFO: Run Behavior\ShowPageTraceBehavior [ RunTime:0.001323s ]
INFO: [ app_end ] --END-- [ RunTime:0.001399s ]

[ 2016-05-21T10:32:09+08:00 ] 127.0.0.1 /Yd/wb/
INFO: [ app_init ] --START--
INFO: Run Behavior\BuildLiteBehavior [ RunTime:0.000010s ]
INFO: [ app_init ] --END-- [ RunTime:0.000315s ]
INFO: [ app_begin ] --START--
INFO: Run Behavior\ReadHtmlCacheBehavior [ RunTime:0.000403s ]
INFO: [ app_begin ] --END-- [ RunTime:0.000440s ]
SQL: SHOW COLUMNS FROM `yf_brand` [ RunTime:0.0106s ]
SQL: SELECT * FROM `yf_brand` ORDER BY id desc LIMIT 10   [ RunTime:0.0008s ]
SQL: SHOW COLUMNS FROM `yf_data` [ RunTime:0.0099s ]
NOTIC: [8] Undefined index: title E:\wz\1\Ym\Yd\Controller\WbController.class.php 第 23 行.
NOTIC: [8] Undefined index: w1 E:\wz\1\Ym\Yd\Controller\WbController.class.php 第 29 行.
SQL: SELECT COUNT(*) AS tp_count FROM `yf_data` WHERE `w7` = 1 LIMIT 1   [ RunTime:0.0007s ]
SQL: SELECT * FROM `yf_data` WHERE `w7` = 1 ORDER BY id desc LIMIT 0,30   [ RunTime:0.0012s ]
INFO: [ view_parse ] --START--
INFO: [ template_filter ] --START--
INFO: Run Behavior\ContentReplaceBehavior [ RunTime:0.000150s ]
INFO: [ template_filter ] --END-- [ RunTime:0.000234s ]
SQL: SHOW COLUMNS FROM `yf_config` [ RunTime:0.0070s ]
SQL: SELECT `value` FROM `yf_config` WHERE `field` = 'site_name' LIMIT 1   [ RunTime:0.0004s ]
SQL: SELECT `value` FROM `yf_config` WHERE `field` = 'site_logo' LIMIT 1   [ RunTime:0.0003s ]
NOTIC: [8] Undefined index: title E:\wz\1\Ym\Runtime\Cache\Yd\84176d4c7a43a917c4026a35d2c63ce1.php 第 102 行.
NOTIC: [8] Use of undefined constant id - assumed 'id' E:\wz\1\Ym\Runtime\Cache\Yd\84176d4c7a43a917c4026a35d2c63ce1.php 第 108 行.
NOTIC: [8] Use of undefined constant w1 - assumed 'w1' E:\wz\1\Ym\Runtime\Cache\Yd\84176d4c7a43a917c4026a35d2c63ce1.php 第 108 行.
NOTIC: [8] Undefined index: w1 E:\wz\1\Ym\Runtime\Cache\Yd\84176d4c7a43a917c4026a35d2c63ce1.php 第 108 行.
NOTIC: [8] Use of undefined constant id - assumed 'id' E:\wz\1\Ym\Runtime\Cache\Yd\84176d4c7a43a917c4026a35d2c63ce1.php 第 108 行.
NOTIC: [8] Use of undefined constant w1 - assumed 'w1' E:\wz\1\Ym\Runtime\Cache\Yd\84176d4c7a43a917c4026a35d2c63ce1.php 第 108 行.
NOTIC: [8] Undefined index: w1 E:\wz\1\Ym\Runtime\Cache\Yd\84176d4c7a43a917c4026a35d2c63ce1.php 第 108 行.
NOTIC: [8] Use of undefined constant id - assumed 'id' E:\wz\1\Ym\Runtime\Cache\Yd\84176d4c7a43a917c4026a35d2c63ce1.php 第 108 行.
NOTIC: [8] Use of undefined constant w1 - assumed 'w1' E:\wz\1\Ym\Runtime\Cache\Yd\84176d4c7a43a917c4026a35d2c63ce1.php 第 108 行.
NOTIC: [8] Undefined index: w1 E:\wz\1\Ym\Runtime\Cache\Yd\84176d4c7a43a917c4026a35d2c63ce1.php 第 108 行.
NOTIC: [8] Use of undefined constant id - assumed 'id' E:\wz\1\Ym\Runtime\Cache\Yd\84176d4c7a43a917c4026a35d2c63ce1.php 第 108 行.
NOTIC: [8] Use of undefined constant w1 - assumed 'w1' E:\wz\1\Ym\Runtime\Cache\Yd\84176d4c7a43a917c4026a35d2c63ce1.php 第 108 行.
NOTIC: [8] Undefined index: w1 E:\wz\1\Ym\Runtime\Cache\Yd\84176d4c7a43a917c4026a35d2c63ce1.php 第 108 行.
NOTIC: [8] Use of undefined constant id - assumed 'id' E:\wz\1\Ym\Runtime\Cache\Yd\84176d4c7a43a917c4026a35d2c63ce1.php 第 108 行.
NOTIC: [8] Use of undefined constant w1 - assumed 'w1' E:\wz\1\Ym\Runtime\Cache\Yd\84176d4c7a43a917c4026a35d2c63ce1.php 第 108 行.
NOTIC: [8] Undefined index: w1 E:\wz\1\Ym\Runtime\Cache\Yd\84176d4c7a43a917c4026a35d2c63ce1.php 第 108 行.
NOTIC: [8] Use of undefined constant id - assumed 'id' E:\wz\1\Ym\Runtime\Cache\Yd\84176d4c7a43a917c4026a35d2c63ce1.php 第 108 行.
NOTIC: [8] Use of undefined constant w1 - assumed 'w1' E:\wz\1\Ym\Runtime\Cache\Yd\84176d4c7a43a917c4026a35d2c63ce1.php 第 108 行.
NOTIC: [8] Undefined index: w1 E:\wz\1\Ym\Runtime\Cache\Yd\84176d4c7a43a917c4026a35d2c63ce1.php 第 108 行.
NOTIC: [8] Use of undefined constant id - assumed 'id' E:\wz\1\Ym\Runtime\Cache\Yd\84176d4c7a43a917c4026a35d2c63ce1.php 第 108 行.
NOTIC: [8] Use of undefined constant w1 - assumed 'w1' E:\wz\1\Ym\Runtime\Cache\Yd\84176d4c7a43a917c4026a35d2c63ce1.php 第 108 行.
NOTIC: [8] Undefined index: w1 E:\wz\1\Ym\Runtime\Cache\Yd\84176d4c7a43a917c4026a35d2c63ce1.php 第 108 行.
NOTIC: [8] Use of undefined constant id - assumed 'id' E:\wz\1\Ym\Runtime\Cache\Yd\84176d4c7a43a917c4026a35d2c63ce1.php 第 108 行.
NOTIC: [8] Use of undefined constant w1 - assumed 'w1' E:\wz\1\Ym\Runtime\Cache\Yd\84176d4c7a43a917c4026a35d2c63ce1.php 第 108 行.
NOTIC: [8] Undefined index: w1 E:\wz\1\Ym\Runtime\Cache\Yd\84176d4c7a43a917c4026a35d2c63ce1.php 第 108 行.
NOTIC: [8] Use of undefined constant w1 - assumed 'w1' E:\wz\1\Ym\Runtime\Cache\Yd\84176d4c7a43a917c4026a35d2c63ce1.php 第 135 行.
SQL: SHOW COLUMNS FROM `yf_brand` [ RunTime:0.0049s ]
SQL: SELECT `title` FROM `yf_brand` WHERE `id` = 4 LIMIT 1   [ RunTime:0.0003s ]
NOTIC: [8] Use of undefined constant w1 - assumed 'w1' E:\wz\1\Ym\Runtime\Cache\Yd\84176d4c7a43a917c4026a35d2c63ce1.php 第 135 行.
SQL: SELECT `title` FROM `yf_brand` WHERE `id` = 7 LIMIT 1   [ RunTime:0.0003s ]
NOTIC: [8] Use of undefined constant w1 - assumed 'w1' E:\wz\1\Ym\Runtime\Cache\Yd\84176d4c7a43a917c4026a35d2c63ce1.php 第 135 行.
SQL: SELECT `title` FROM `yf_brand` WHERE `id` = 3 LIMIT 1   [ RunTime:0.0003s ]
NOTIC: [8] Use of undefined constant w1 - assumed 'w1' E:\wz\1\Ym\Runtime\Cache\Yd\84176d4c7a43a917c4026a35d2c63ce1.php 第 135 行.
SQL: SELECT `title` FROM `yf_brand` WHERE `id` = 3 LIMIT 1   [ RunTime:0.0009s ]
NOTIC: [8] Use of undefined constant w1 - assumed 'w1' E:\wz\1\Ym\Runtime\Cache\Yd\84176d4c7a43a917c4026a35d2c63ce1.php 第 135 行.
SQL: SELECT `title` FROM `yf_brand` WHERE `id` = 7 LIMIT 1   [ RunTime:0.0003s ]
NOTIC: [8] Use of undefined constant w1 - assumed 'w1' E:\wz\1\Ym\Runtime\Cache\Yd\84176d4c7a43a917c4026a35d2c63ce1.php 第 135 行.
SQL: SELECT `title` FROM `yf_brand` WHERE `id` = 4 LIMIT 1   [ RunTime:0.0002s ]
NOTIC: [8] Use of undefined constant w1 - assumed 'w1' E:\wz\1\Ym\Runtime\Cache\Yd\84176d4c7a43a917c4026a35d2c63ce1.php 第 135 行.
SQL: SELECT `title` FROM `yf_brand` WHERE `id` = 7 LIMIT 1   [ RunTime:0.0002s ]
NOTIC: [8] Use of undefined constant w1 - assumed 'w1' E:\wz\1\Ym\Runtime\Cache\Yd\84176d4c7a43a917c4026a35d2c63ce1.php 第 135 行.
SQL: SELECT `title` FROM `yf_brand` WHERE `id` = 3 LIMIT 1   [ RunTime:0.0002s ]
NOTIC: [8] Use of undefined constant w1 - assumed 'w1' E:\wz\1\Ym\Runtime\Cache\Yd\84176d4c7a43a917c4026a35d2c63ce1.php 第 135 行.
SQL: SELECT `title` FROM `yf_brand` WHERE `id` = 3 LIMIT 1   [ RunTime:0.0002s ]
NOTIC: [8] Use of undefined constant w1 - assumed 'w1' E:\wz\1\Ym\Runtime\Cache\Yd\84176d4c7a43a917c4026a35d2c63ce1.php 第 135 行.
SQL: SELECT `title` FROM `yf_brand` WHERE `id` = 7 LIMIT 1   [ RunTime:0.0002s ]
NOTIC: [8] Use of undefined constant w1 - assumed 'w1' E:\wz\1\Ym\Runtime\Cache\Yd\84176d4c7a43a917c4026a35d2c63ce1.php 第 135 行.
SQL: SELECT `title` FROM `yf_brand` WHERE `id` = 6 LIMIT 1   [ RunTime:0.0002s ]
NOTIC: [8] Undefined variable: yb E:\wz\1\Ym\Runtime\Cache\Yd\84176d4c7a43a917c4026a35d2c63ce1.php 第 170 行.
INFO: Run Behavior\ParseTemplateBehavior [ RunTime:0.038907s ]
INFO: [ view_parse ] --END-- [ RunTime:0.038986s ]
INFO: [ view_filter ] --START--
INFO: Run Behavior\WriteHtmlCacheBehavior [ RunTime:0.000545s ]
INFO: [ view_filter ] --END-- [ RunTime:0.000587s ]
INFO: [ app_end ] --START--
INFO: Run Behavior\ShowPageTraceBehavior [ RunTime:0.000851s ]
INFO: [ app_end ] --END-- [ RunTime:0.000912s ]

[ 2016-05-21T10:32:11+08:00 ] 127.0.0.1 /Yd/Wb/import.html
INFO: [ app_init ] --START--
INFO: Run Behavior\BuildLiteBehavior [ RunTime:0.000010s ]
INFO: [ app_init ] --END-- [ RunTime:0.000323s ]
INFO: [ app_begin ] --START--
INFO: Run Behavior\ReadHtmlCacheBehavior [ RunTime:0.000523s ]
INFO: [ app_begin ] --END-- [ RunTime:0.000587s ]
SQL: SHOW COLUMNS FROM `yf_brand` [ RunTime:0.0096s ]
SQL: SELECT * FROM `yf_brand` ORDER BY id desc LIMIT 10   [ RunTime:0.0007s ]
INFO: [ view_parse ] --START--
INFO: [ template_filter ] --START--
INFO: Run Behavior\ContentReplaceBehavior [ RunTime:0.000186s ]
INFO: [ template_filter ] --END-- [ RunTime:0.000319s ]
SQL: SHOW COLUMNS FROM `yf_config` [ RunTime:0.0060s ]
SQL: SELECT `value` FROM `yf_config` WHERE `field` = 'site_name' LIMIT 1   [ RunTime:0.0004s ]
SQL: SELECT `value` FROM `yf_config` WHERE `field` = 'site_logo' LIMIT 1   [ RunTime:0.0004s ]
NOTIC: [8] Undefined variable: yb E:\wz\1\Ym\Runtime\Cache\Yd\2be1cc6a893fd4de2cbcf2b347fc88f4.php 第 117 行.
INFO: Run Behavior\ParseTemplateBehavior [ RunTime:0.030049s ]
INFO: [ view_parse ] --END-- [ RunTime:0.030145s ]
INFO: [ view_filter ] --START--
INFO: Run Behavior\WriteHtmlCacheBehavior [ RunTime:0.000614s ]
INFO: [ view_filter ] --END-- [ RunTime:0.000681s ]
INFO: [ app_end ] --START--
INFO: Run Behavior\ShowPageTraceBehavior [ RunTime:0.000909s ]
INFO: [ app_end ] --END-- [ RunTime:0.000979s ]

[ 2016-05-21T10:32:49+08:00 ] 127.0.0.1 /Yd/Wb/import.html
INFO: [ app_init ] --START--
INFO: Run Behavior\BuildLiteBehavior [ RunTime:0.000018s ]
INFO: [ app_init ] --END-- [ RunTime:0.000642s ]
INFO: [ app_begin ] --START--
INFO: Run Behavior\ReadHtmlCacheBehavior [ RunTime:0.000738s ]
INFO: [ app_begin ] --END-- [ RunTime:0.000815s ]
SQL: SHOW COLUMNS FROM `yf_brand` [ RunTime:0.0087s ]
SQL: SELECT * FROM `yf_brand` ORDER BY id desc LIMIT 10   [ RunTime:0.0008s ]
INFO: [ view_parse ] --START--
INFO: [ template_filter ] --START--
INFO: Run Behavior\ContentReplaceBehavior [ RunTime:0.000189s ]
INFO: [ template_filter ] --END-- [ RunTime:0.000332s ]
SQL: SHOW COLUMNS FROM `yf_config` [ RunTime:0.0063s ]
SQL: SELECT `value` FROM `yf_config` WHERE `field` = 'site_name' LIMIT 1   [ RunTime:0.0004s ]
SQL: SELECT `value` FROM `yf_config` WHERE `field` = 'site_logo' LIMIT 1   [ RunTime:0.0005s ]
NOTIC: [8] Undefined variable: yb E:\wz\1\Ym\Runtime\Cache\Yd\2be1cc6a893fd4de2cbcf2b347fc88f4.php 第 118 行.
INFO: Run Behavior\ParseTemplateBehavior [ RunTime:0.026267s ]
INFO: [ view_parse ] --END-- [ RunTime:0.026365s ]
INFO: [ view_filter ] --START--
INFO: Run Behavior\WriteHtmlCacheBehavior [ RunTime:0.000711s ]
INFO: [ view_filter ] --END-- [ RunTime:0.000782s ]
INFO: [ app_end ] --START--
INFO: Run Behavior\ShowPageTraceBehavior [ RunTime:0.000967s ]
INFO: [ app_end ] --END-- [ RunTime:0.001042s ]

[ 2016-05-21T10:32:53+08:00 ] 127.0.0.1 /Yd/Wb/expUser.html
INFO: [ app_init ] --START--
INFO: Run Behavior\BuildLiteBehavior [ RunTime:0.000011s ]
INFO: [ app_init ] --END-- [ RunTime:0.000341s ]
INFO: [ app_begin ] --START--
INFO: Run Behavior\ReadHtmlCacheBehavior [ RunTime:0.000416s ]
INFO: [ app_begin ] --END-- [ RunTime:0.000454s ]
SQL: SHOW COLUMNS FROM `yf_brand` [ RunTime:0.0063s ]
SQL: SELECT * FROM `yf_brand` ORDER BY id desc LIMIT 10   [ RunTime:0.0006s ]
SQL: SHOW COLUMNS FROM `yf_data` [ RunTime:0.0059s ]
SQL: SELECT `id`,`title` FROM `yf_data`  [ RunTime:0.0005s ]
NOTIC: [8] Undefined index: account E:\wz\1\Ym\Yd\Controller\WbController.class.php 第 251 行.

[ 2016-05-21T10:41:53+08:00 ] 127.0.0.1 /Yd/Wb/import.html
INFO: [ app_init ] --START--
INFO: Run Behavior\BuildLiteBehavior [ RunTime:0.000021s ]
INFO: [ app_init ] --END-- [ RunTime:0.000742s ]
INFO: [ app_begin ] --START--
INFO: Run Behavior\ReadHtmlCacheBehavior [ RunTime:0.000907s ]
INFO: [ app_begin ] --END-- [ RunTime:0.000980s ]
SQL: SHOW COLUMNS FROM `yf_brand` [ RunTime:0.0089s ]
SQL: SELECT * FROM `yf_brand` ORDER BY id desc LIMIT 10   [ RunTime:0.0009s ]
INFO: [ view_parse ] --START--
INFO: [ template_filter ] --START--
INFO: Run Behavior\ContentReplaceBehavior [ RunTime:0.000334s ]
INFO: [ template_filter ] --END-- [ RunTime:0.000494s ]
SQL: SHOW COLUMNS FROM `yf_config` [ RunTime:0.0042s ]
SQL: SELECT `value` FROM `yf_config` WHERE `field` = 'site_name' LIMIT 1   [ RunTime:0.0003s ]
SQL: SELECT `value` FROM `yf_config` WHERE `field` = 'site_logo' LIMIT 1   [ RunTime:0.0002s ]
NOTIC: [8] Undefined variable: yb E:\wz\1\Ym\Runtime\Cache\Yd\2be1cc6a893fd4de2cbcf2b347fc88f4.php 第 134 行.
INFO: Run Behavior\ParseTemplateBehavior [ RunTime:0.026943s ]
INFO: [ view_parse ] --END-- [ RunTime:0.027036s ]
INFO: [ view_filter ] --START--
INFO: Run Behavior\WriteHtmlCacheBehavior [ RunTime:0.000583s ]
INFO: [ view_filter ] --END-- [ RunTime:0.000629s ]
INFO: [ app_end ] --START--
INFO: Run Behavior\ShowPageTraceBehavior [ RunTime:0.000838s ]
INFO: [ app_end ] --END-- [ RunTime:0.000889s ]

[ 2016-05-21T10:42:16+08:00 ] 127.0.0.1 /Yd/Wb/import.html
INFO: [ app_init ] --START--
INFO: Run Behavior\BuildLiteBehavior [ RunTime:0.000016s ]
INFO: [ app_init ] --END-- [ RunTime:0.000619s ]
INFO: [ app_begin ] --START--
INFO: Run Behavior\ReadHtmlCacheBehavior [ RunTime:0.000855s ]
INFO: [ app_begin ] --END-- [ RunTime:0.000956s ]
SQL: SHOW COLUMNS FROM `yf_brand` [ RunTime:0.0042s ]
SQL: SELECT * FROM `yf_brand` ORDER BY id desc LIMIT 10   [ RunTime:0.0005s ]
INFO: [ view_parse ] --START--
INFO: [ template_filter ] --START--
INFO: Run Behavior\ContentReplaceBehavior [ RunTime:0.000107s ]
INFO: [ template_filter ] --END-- [ RunTime:0.000169s ]
SQL: SHOW COLUMNS FROM `yf_config` [ RunTime:0.0045s ]
SQL: SELECT `value` FROM `yf_config` WHERE `field` = 'site_name' LIMIT 1   [ RunTime:0.0004s ]
SQL: SELECT `value` FROM `yf_config` WHERE `field` = 'site_logo' LIMIT 1   [ RunTime:0.0003s ]
NOTIC: [8] Undefined variable: yb E:\wz\1\Ym\Runtime\Cache\Yd\2be1cc6a893fd4de2cbcf2b347fc88f4.php 第 134 行.
INFO: Run Behavior\ParseTemplateBehavior [ RunTime:0.015717s ]
INFO: [ view_parse ] --END-- [ RunTime:0.015785s ]
INFO: [ view_filter ] --START--
INFO: Run Behavior\WriteHtmlCacheBehavior [ RunTime:0.000593s ]
INFO: [ view_filter ] --END-- [ RunTime:0.000644s ]
INFO: [ app_end ] --START--
INFO: Run Behavior\ShowPageTraceBehavior [ RunTime:0.001138s ]
INFO: [ app_end ] --END-- [ RunTime:0.001200s ]

[ 2016-05-21T10:42:50+08:00 ] 127.0.0.1 /Yd/Wb/import.html
INFO: [ app_init ] --START--
INFO: Run Behavior\BuildLiteBehavior [ RunTime:0.000022s ]
INFO: [ app_init ] --END-- [ RunTime:0.000528s ]
INFO: [ app_begin ] --START--
INFO: Run Behavior\ReadHtmlCacheBehavior [ RunTime:0.000611s ]
INFO: [ app_begin ] --END-- [ RunTime:0.000676s ]
SQL: SHOW COLUMNS FROM `yf_brand` [ RunTime:0.0091s ]
SQL: SELECT * FROM `yf_brand` ORDER BY id desc LIMIT 10   [ RunTime:0.0009s ]
INFO: [ view_parse ] --START--
INFO: [ template_filter ] --START--
INFO: Run Behavior\ContentReplaceBehavior [ RunTime:0.000109s ]
INFO: [ template_filter ] --END-- [ RunTime:0.000183s ]
SQL: SHOW COLUMNS FROM `yf_config` [ RunTime:0.0046s ]
SQL: SELECT `value` FROM `yf_config` WHERE `field` = 'site_name' LIMIT 1   [ RunTime:0.0003s ]
SQL: SELECT `value` FROM `yf_config` WHERE `field` = 'site_logo' LIMIT 1   [ RunTime:0.0003s ]
NOTIC: [8] Undefined variable: yb E:\wz\1\Ym\Runtime\Cache\Yd\2be1cc6a893fd4de2cbcf2b347fc88f4.php 第 133 行.
INFO: Run Behavior\ParseTemplateBehavior [ RunTime:0.022129s ]
INFO: [ view_parse ] --END-- [ RunTime:0.022223s ]
INFO: [ view_filter ] --START--
INFO: Run Behavior\WriteHtmlCacheBehavior [ RunTime:0.000683s ]
INFO: [ view_filter ] --END-- [ RunTime:0.000737s ]
INFO: [ app_end ] --START--
INFO: Run Behavior\ShowPageTraceBehavior [ RunTime:0.000879s ]
INFO: [ app_end ] --END-- [ RunTime:0.000934s ]

[ 2016-05-21T10:43:06+08:00 ] 127.0.0.1 /Yd/Wb/import.html
INFO: [ app_init ] --START--
INFO: Run Behavior\BuildLiteBehavior [ RunTime:0.000011s ]
INFO: [ app_init ] --END-- [ RunTime:0.000442s ]
INFO: [ app_begin ] --START--
INFO: Run Behavior\ReadHtmlCacheBehavior [ RunTime:0.000524s ]
INFO: [ app_begin ] --END-- [ RunTime:0.000567s ]
SQL: SHOW COLUMNS FROM `yf_brand` [ RunTime:0.0085s ]
SQL: SELECT * FROM `yf_brand` ORDER BY id desc LIMIT 10   [ RunTime:0.0009s ]
INFO: [ view_parse ] --START--
INFO: [ template_filter ] --START--
INFO: Run Behavior\ContentReplaceBehavior [ RunTime:0.000209s ]
INFO: [ template_filter ] --END-- [ RunTime:0.000341s ]
SQL: SHOW COLUMNS FROM `yf_config` [ RunTime:0.0071s ]
SQL: SELECT `value` FROM `yf_config` WHERE `field` = 'site_name' LIMIT 1   [ RunTime:0.0003s ]
SQL: SELECT `value` FROM `yf_config` WHERE `field` = 'site_logo' LIMIT 1   [ RunTime:0.0003s ]
NOTIC: [8] Undefined variable: yb E:\wz\1\Ym\Runtime\Cache\Yd\2be1cc6a893fd4de2cbcf2b347fc88f4.php 第 132 行.
INFO: Run Behavior\ParseTemplateBehavior [ RunTime:0.028011s ]
INFO: [ view_parse ] --END-- [ RunTime:0.028104s ]
INFO: [ view_filter ] --START--
INFO: Run Behavior\WriteHtmlCacheBehavior [ RunTime:0.000656s ]
INFO: [ view_filter ] --END-- [ RunTime:0.000715s ]
INFO: [ app_end ] --START--
INFO: Run Behavior\ShowPageTraceBehavior [ RunTime:0.000863s ]
INFO: [ app_end ] --END-- [ RunTime:0.000920s ]

[ 2016-05-21T10:43:21+08:00 ] 127.0.0.1 /Yd/Wb/import.html
INFO: [ app_init ] --START--
INFO: Run Behavior\BuildLiteBehavior [ RunTime:0.000025s ]
INFO: [ app_init ] --END-- [ RunTime:0.000720s ]
INFO: [ app_begin ] --START--
INFO: Run Behavior\ReadHtmlCacheBehavior [ RunTime:0.000890s ]
INFO: [ app_begin ] --END-- [ RunTime:0.000985s ]
SQL: SHOW COLUMNS FROM `yf_brand` [ RunTime:0.0104s ]
SQL: SELECT * FROM `yf_brand` ORDER BY id desc LIMIT 10   [ RunTime:0.0008s ]
INFO: [ view_parse ] --START--
INFO: [ template_filter ] --START--
INFO: Run Behavior\ContentReplaceBehavior [ RunTime:0.000210s ]
INFO: [ template_filter ] --END-- [ RunTime:0.000342s ]
SQL: SHOW COLUMNS FROM `yf_config` [ RunTime:0.0104s ]
SQL: SELECT `value` FROM `yf_config` WHERE `field` = 'site_name' LIMIT 1   [ RunTime:0.0004s ]
SQL: SELECT `value` FROM `yf_config` WHERE `field` = 'site_logo' LIMIT 1   [ RunTime:0.0003s ]
NOTIC: [8] Undefined variable: yb E:\wz\1\Ym\Runtime\Cache\Yd\2be1cc6a893fd4de2cbcf2b347fc88f4.php 第 132 行.
INFO: Run Behavior\ParseTemplateBehavior [ RunTime:0.033155s ]
INFO: [ view_parse ] --END-- [ RunTime:0.033252s ]
INFO: [ view_filter ] --START--
INFO: Run Behavior\WriteHtmlCacheBehavior [ RunTime:0.000765s ]
INFO: [ view_filter ] --END-- [ RunTime:0.000829s ]
INFO: [ app_end ] --START--
INFO: Run Behavior\ShowPageTraceBehavior [ RunTime:0.000983s ]
INFO: [ app_end ] --END-- [ RunTime:0.001047s ]

[ 2016-05-21T10:43:49+08:00 ] 127.0.0.1 /Yd/Wb/import.html
INFO: [ app_init ] --START--
INFO: Run Behavior\BuildLiteBehavior [ RunTime:0.000011s ]
INFO: [ app_init ] --END-- [ RunTime:0.000394s ]
INFO: [ app_begin ] --START--
INFO: Run Behavior\ReadHtmlCacheBehavior [ RunTime:0.000466s ]
INFO: [ app_begin ] --END-- [ RunTime:0.000508s ]
SQL: SHOW COLUMNS FROM `yf_brand` [ RunTime:0.0086s ]
SQL: SELECT * FROM `yf_brand` ORDER BY id desc LIMIT 10   [ RunTime:0.0008s ]
INFO: [ view_parse ] --START--
INFO: [ template_filter ] --START--
INFO: Run Behavior\ContentReplaceBehavior [ RunTime:0.000234s ]
INFO: [ template_filter ] --END-- [ RunTime:0.000364s ]
SQL: SHOW COLUMNS FROM `yf_config` [ RunTime:0.0088s ]
SQL: SELECT `value` FROM `yf_config` WHERE `field` = 'site_name' LIMIT 1   [ RunTime:0.0004s ]
SQL: SELECT `value` FROM `yf_config` WHERE `field` = 'site_logo' LIMIT 1   [ RunTime:0.0003s ]
NOTIC: [8] Undefined variable: yb E:\wz\1\Ym\Runtime\Cache\Yd\2be1cc6a893fd4de2cbcf2b347fc88f4.php 第 132 行.
INFO: Run Behavior\ParseTemplateBehavior [ RunTime:0.029814s ]
INFO: [ view_parse ] --END-- [ RunTime:0.029898s ]
INFO: [ view_filter ] --START--
INFO: Run Behavior\WriteHtmlCacheBehavior [ RunTime:0.000606s ]
INFO: [ view_filter ] --END-- [ RunTime:0.000658s ]
INFO: [ app_end ] --START--
INFO: Run Behavior\ShowPageTraceBehavior [ RunTime:0.000723s ]
INFO: [ app_end ] --END-- [ RunTime:0.000772s ]

[ 2016-05-21T10:43:58+08:00 ] 127.0.0.1 /Yd/Wb/import.html
INFO: [ app_init ] --START--
INFO: Run Behavior\BuildLiteBehavior [ RunTime:0.000026s ]
INFO: [ app_init ] --END-- [ RunTime:0.000872s ]
INFO: [ app_begin ] --START--
INFO: Run Behavior\ReadHtmlCacheBehavior [ RunTime:0.001307s ]
INFO: [ app_begin ] --END-- [ RunTime:0.001377s ]
SQL: SHOW COLUMNS FROM `yf_brand` [ RunTime:0.0025s ]
SQL: SELECT * FROM `yf_brand` ORDER BY id desc LIMIT 10   [ RunTime:0.0002s ]
INFO: [ view_parse ] --START--
INFO: [ template_filter ] --START--
INFO: Run Behavior\ContentReplaceBehavior [ RunTime:0.000054s ]
INFO: [ template_filter ] --END-- [ RunTime:0.000091s ]
SQL: SHOW COLUMNS FROM `yf_config` [ RunTime:0.0025s ]
SQL: SELECT `value` FROM `yf_config` WHERE `field` = 'site_name' LIMIT 1   [ RunTime:0.0002s ]
SQL: SELECT `value` FROM `yf_config` WHERE `field` = 'site_logo' LIMIT 1   [ RunTime:0.0001s ]
NOTIC: [8] Undefined variable: yb E:\wz\1\Ym\Runtime\Cache\Yd\2be1cc6a893fd4de2cbcf2b347fc88f4.php 第 132 行.
INFO: Run Behavior\ParseTemplateBehavior [ RunTime:0.008360s ]
INFO: [ view_parse ] --END-- [ RunTime:0.008389s ]
INFO: [ view_filter ] --START--
INFO: Run Behavior\WriteHtmlCacheBehavior [ RunTime:0.000286s ]
INFO: [ view_filter ] --END-- [ RunTime:0.000309s ]
INFO: [ app_end ] --START--
INFO: Run Behavior\ShowPageTraceBehavior [ RunTime:0.000411s ]
INFO: [ app_end ] --END-- [ RunTime:0.000437s ]

[ 2016-05-21T10:44:28+08:00 ] 127.0.0.1 /Yd/wb/
INFO: [ app_init ] --START--
INFO: Run Behavior\BuildLiteBehavior [ RunTime:0.000010s ]
INFO: [ app_init ] --END-- [ RunTime:0.000343s ]
INFO: [ app_begin ] --START--
INFO: Run Behavior\ReadHtmlCacheBehavior [ RunTime:0.000425s ]
INFO: [ app_begin ] --END-- [ RunTime:0.000461s ]
SQL: SHOW COLUMNS FROM `yf_brand` [ RunTime:0.0089s ]
SQL: SELECT * FROM `yf_brand` ORDER BY id desc LIMIT 10   [ RunTime:0.0008s ]
SQL: SHOW COLUMNS FROM `yf_data` [ RunTime:0.0092s ]
NOTIC: [8] Undefined index: title E:\wz\1\Ym\Yd\Controller\WbController.class.php 第 23 行.
NOTIC: [8] Undefined index: w1 E:\wz\1\Ym\Yd\Controller\WbController.class.php 第 29 行.
SQL: SELECT COUNT(*) AS tp_count FROM `yf_data` WHERE `w7` = 1 LIMIT 1   [ RunTime:0.0006s ]
SQL: SELECT * FROM `yf_data` WHERE `w7` = 1 ORDER BY id desc LIMIT 0,30   [ RunTime:0.0010s ]
INFO: [ view_parse ] --START--
INFO: [ template_filter ] --START--
INFO: Run Behavior\ContentReplaceBehavior [ RunTime:0.000170s ]
INFO: [ template_filter ] --END-- [ RunTime:0.000311s ]
SQL: SHOW COLUMNS FROM `yf_config` [ RunTime:0.0058s ]
SQL: SELECT `value` FROM `yf_config` WHERE `field` = 'site_name' LIMIT 1   [ RunTime:0.0004s ]
SQL: SELECT `value` FROM `yf_config` WHERE `field` = 'site_logo' LIMIT 1   [ RunTime:0.0004s ]
NOTIC: [8] Undefined index: title E:\wz\1\Ym\Runtime\Cache\Yd\84176d4c7a43a917c4026a35d2c63ce1.php 第 102 行.
NOTIC: [8] Use of undefined constant id - assumed 'id' E:\wz\1\Ym\Runtime\Cache\Yd\84176d4c7a43a917c4026a35d2c63ce1.php 第 108 行.
NOTIC: [8] Use of undefined constant w1 - assumed 'w1' E:\wz\1\Ym\Runtime\Cache\Yd\84176d4c7a43a917c4026a35d2c63ce1.php 第 108 行.
NOTIC: [8] Undefined index: w1 E:\wz\1\Ym\Runtime\Cache\Yd\84176d4c7a43a917c4026a35d2c63ce1.php 第 108 行.
NOTIC: [8] Use of undefined constant id - assumed 'id' E:\wz\1\Ym\Runtime\Cache\Yd\84176d4c7a43a917c4026a35d2c63ce1.php 第 108 行.
NOTIC: [8] Use of undefined constant w1 - assumed 'w1' E:\wz\1\Ym\Runtime\Cache\Yd\84176d4c7a43a917c4026a35d2c63ce1.php 第 108 行.
NOTIC: [8] Undefined index: w1 E:\wz\1\Ym\Runtime\Cache\Yd\84176d4c7a43a917c4026a35d2c63ce1.php 第 108 行.
NOTIC: [8] Use of undefined constant id - assumed 'id' E:\wz\1\Ym\Runtime\Cache\Yd\84176d4c7a43a917c4026a35d2c63ce1.php 第 108 行.
NOTIC: [8] Use of undefined constant w1 - assumed 'w1' E:\wz\1\Ym\Runtime\Cache\Yd\84176d4c7a43a917c4026a35d2c63ce1.php 第 108 行.
NOTIC: [8] Undefined index: w1 E:\wz\1\Ym\Runtime\Cache\Yd\84176d4c7a43a917c4026a35d2c63ce1.php 第 108 行.
NOTIC: [8] Use of undefined constant id - assumed 'id' E:\wz\1\Ym\Runtime\Cache\Yd\84176d4c7a43a917c4026a35d2c63ce1.php 第 108 行.
NOTIC: [8] Use of undefined constant w1 - assumed 'w1' E:\wz\1\Ym\Runtime\Cache\Yd\84176d4c7a43a917c4026a35d2c63ce1.php 第 108 行.
NOTIC: [8] Undefined index: w1 E:\wz\1\Ym\Runtime\Cache\Yd\84176d4c7a43a917c4026a35d2c63ce1.php 第 108 行.
NOTIC: [8] Use of undefined constant id - assumed 'id' E:\wz\1\Ym\Runtime\Cache\Yd\84176d4c7a43a917c4026a35d2c63ce1.php 第 108 行.
NOTIC: [8] Use of undefined constant w1 - assumed 'w1' E:\wz\1\Ym\Runtime\Cache\Yd\84176d4c7a43a917c4026a35d2c63ce1.php 第 108 行.
NOTIC: [8] Undefined index: w1 E:\wz\1\Ym\Runtime\Cache\Yd\84176d4c7a43a917c4026a35d2c63ce1.php 第 108 行.
NOTIC: [8] Use of undefined constant id - assumed 'id' E:\wz\1\Ym\Runtime\Cache\Yd\84176d4c7a43a917c4026a35d2c63ce1.php 第 108 行.
NOTIC: [8] Use of undefined constant w1 - assumed 'w1' E:\wz\1\Ym\Runtime\Cache\Yd\84176d4c7a43a917c4026a35d2c63ce1.php 第 108 行.
NOTIC: [8] Undefined index: w1 E:\wz\1\Ym\Runtime\Cache\Yd\84176d4c7a43a917c4026a35d2c63ce1.php 第 108 行.
NOTIC: [8] Use of undefined constant id - assumed 'id' E:\wz\1\Ym\Runtime\Cache\Yd\84176d4c7a43a917c4026a35d2c63ce1.php 第 108 行.
NOTIC: [8] Use of undefined constant w1 - assumed 'w1' E:\wz\1\Ym\Runtime\Cache\Yd\84176d4c7a43a917c4026a35d2c63ce1.php 第 108 行.
NOTIC: [8] Undefined index: w1 E:\wz\1\Ym\Runtime\Cache\Yd\84176d4c7a43a917c4026a35d2c63ce1.php 第 108 行.
NOTIC: [8] Use of undefined constant id - assumed 'id' E:\wz\1\Ym\Runtime\Cache\Yd\84176d4c7a43a917c4026a35d2c63ce1.php 第 108 行.
NOTIC: [8] Use of undefined constant w1 - assumed 'w1' E:\wz\1\Ym\Runtime\Cache\Yd\84176d4c7a43a917c4026a35d2c63ce1.php 第 108 行.
NOTIC: [8] Undefined index: w1 E:\wz\1\Ym\Runtime\Cache\Yd\84176d4c7a43a917c4026a35d2c63ce1.php 第 108 行.
NOTIC: [8] Use of undefined constant w1 - assumed 'w1' E:\wz\1\Ym\Runtime\Cache\Yd\84176d4c7a43a917c4026a35d2c63ce1.php 第 135 行.
SQL: SHOW COLUMNS FROM `yf_brand` [ RunTime:0.0050s ]
SQL: SELECT `title` FROM `yf_brand` WHERE `id` = 4 LIMIT 1   [ RunTime:0.0003s ]
NOTIC: [8] Use of undefined constant w1 - assumed 'w1' E:\wz\1\Ym\Runtime\Cache\Yd\84176d4c7a43a917c4026a35d2c63ce1.php 第 135 行.
SQL: SELECT `title` FROM `yf_brand` WHERE `id` = 7 LIMIT 1   [ RunTime:0.0002s ]
NOTIC: [8] Use of undefined constant w1 - assumed 'w1' E:\wz\1\Ym\Runtime\Cache\Yd\84176d4c7a43a917c4026a35d2c63ce1.php 第 135 行.
SQL: SELECT `title` FROM `yf_brand` WHERE `id` = 3 LIMIT 1   [ RunTime:0.0002s ]
NOTIC: [8] Use of undefined constant w1 - assumed 'w1' E:\wz\1\Ym\Runtime\Cache\Yd\84176d4c7a43a917c4026a35d2c63ce1.php 第 135 行.
SQL: SELECT `title` FROM `yf_brand` WHERE `id` = 3 LIMIT 1   [ RunTime:0.0002s ]
NOTIC: [8] Use of undefined constant w1 - assumed 'w1' E:\wz\1\Ym\Runtime\Cache\Yd\84176d4c7a43a917c4026a35d2c63ce1.php 第 135 行.
SQL: SELECT `title` FROM `yf_brand` WHERE `id` = 7 LIMIT 1   [ RunTime:0.0002s ]
NOTIC: [8] Use of undefined constant w1 - assumed 'w1' E:\wz\1\Ym\Runtime\Cache\Yd\84176d4c7a43a917c4026a35d2c63ce1.php 第 135 行.
SQL: SELECT `title` FROM `yf_brand` WHERE `id` = 4 LIMIT 1   [ RunTime:0.0001s ]
NOTIC: [8] Use of undefined constant w1 - assumed 'w1' E:\wz\1\Ym\Runtime\Cache\Yd\84176d4c7a43a917c4026a35d2c63ce1.php 第 135 行.
SQL: SELECT `title` FROM `yf_brand` WHERE `id` = 7 LIMIT 1   [ RunTime:0.0002s ]
NOTIC: [8] Use of undefined constant w1 - assumed 'w1' E:\wz\1\Ym\Runtime\Cache\Yd\84176d4c7a43a917c4026a35d2c63ce1.php 第 135 行.
SQL: SELECT `title` FROM `yf_brand` WHERE `id` = 3 LIMIT 1   [ RunTime:0.0002s ]
NOTIC: [8] Use of undefined constant w1 - assumed 'w1' E:\wz\1\Ym\Runtime\Cache\Yd\84176d4c7a43a917c4026a35d2c63ce1.php 第 135 行.
SQL: SELECT `title` FROM `yf_brand` WHERE `id` = 3 LIMIT 1   [ RunTime:0.0002s ]
NOTIC: [8] Use of undefined constant w1 - assumed 'w1' E:\wz\1\Ym\Runtime\Cache\Yd\84176d4c7a43a917c4026a35d2c63ce1.php 第 135 行.
SQL: SELECT `title` FROM `yf_brand` WHERE `id` = 7 LIMIT 1   [ RunTime:0.0002s ]
NOTIC: [8] Use of undefined constant w1 - assumed 'w1' E:\wz\1\Ym\Runtime\Cache\Yd\84176d4c7a43a917c4026a35d2c63ce1.php 第 135 行.
SQL: SELECT `title` FROM `yf_brand` WHERE `id` = 6 LIMIT 1   [ RunTime:0.0002s ]
NOTIC: [8] Undefined variable: yb E:\wz\1\Ym\Runtime\Cache\Yd\84176d4c7a43a917c4026a35d2c63ce1.php 第 170 行.
INFO: Run Behavior\ParseTemplateBehavior [ RunTime:0.036202s ]
INFO: [ view_parse ] --END-- [ RunTime:0.036281s ]
INFO: [ view_filter ] --START--
INFO: Run Behavior\WriteHtmlCacheBehavior [ RunTime:0.000502s ]
INFO: [ view_filter ] --END-- [ RunTime:0.000538s ]
INFO: [ app_end ] --START--
INFO: Run Behavior\ShowPageTraceBehavior [ RunTime:0.000702s ]
INFO: [ app_end ] --END-- [ RunTime:0.000744s ]

